#
# There is insufficient memory for the Java Runtime Environment to continue.
# Native memory allocation (mmap) failed to map 264241152 bytes for committing reserved memory.
# Possible reasons:
#   The system is out of physical RAM or swap space
#   The process is running with CompressedOops enabled, and the Java Heap may be blocking the growth of the native heap
# Possible solutions:
#   Reduce memory load on the system
#   Increase physical memory or swap space
#   Check if swap backing store is full
#   Decrease Java heap size (-Xmx/-Xms)
#   Decrease number of Java threads
#   Decrease Java thread stack sizes (-Xss)
#   Set larger code cache with -XX:ReservedCodeCacheSize=
# This output file may be truncated or incomplete.
#
#  Out of Memory Error (os_linux.cpp:2922), pid=59653, tid=59657
#
# JRE version:  (11.0.9.1+1) (build )
# Java VM: OpenJDK 64-Bit Server VM (11.0.9.1+1-Ubuntu-0ubuntu1.18.04, mixed mode, sharing, tiered, compressed oops, g1 gc, linux-amd64)
# Core dump will be written. Default location: Core dumps may be processed with "/usr/share/apport/apport %p %s %c %d %P %E" (or dumping to /home/viewadmin/hello-selenium-java/core.59653)
#

---------------  S U M M A R Y ------------

Command Line: -Dallure.results.directory=/home/viewadmin/hello-selenium-java/build/allure-results -Dorg.gradle.native=false -Dselenide.browser=firefox -Dselenide.headless=true -javaagent:/home/viewadmin/.gradle/caches/modules-2/files-2.1/org.aspectj/aspectjweaver/1.8.10/e198c5fee28988c355f74e06461614eae36b2032/aspectjweaver-1.8.10.jar -Xmx512m -Dfile.encoding=UTF-8 -Duser.country=US -Duser.language=en -Duser.variant -ea worker.org.gradle.process.internal.worker.GradleWorkerMain 'Gradle Test Executor 18'

Host: Intel(R) Xeon(R) CPU E5-2620 v3 @ 2.40GHz, 2 cores, 15G, Ubuntu 18.04.5 LTS
Time: Fri Feb  5 13:16:02 2021 CET elapsed time: 1.017713 seconds (0d 0h 0m 1s)

---------------  T H R E A D  ---------------

Current thread (0x00007eff1401a800):  JavaThread "Unknown thread" [_thread_in_vm, id=59657, stack(0x00007eff1c2e2000,0x00007eff1c3e3000)]

Stack: [0x00007eff1c2e2000,0x00007eff1c3e3000],  sp=0x00007eff1c3e1220,  free space=1020k
Native frames: (J=compiled Java code, A=aot compiled Java code, j=interpreted, Vv=VM code, C=native code)
V  [libjvm.so+0xee9509]
V  [libjvm.so+0xeea19b]
V  [libjvm.so+0x681a15]
V  [libjvm.so+0xc13ae8]
V  [libjvm.so+0xc0a59d]
V  [libjvm.so+0x7a0b4f]
V  [libjvm.so+0x7a0dbe]
V  [libjvm.so+0x7acf70]
V  [libjvm.so+0x8293f9]
V  [libjvm.so+0x82a052]
V  [libjvm.so+0x82a4b9]
V  [libjvm.so+0x75e5df]
V  [libjvm.so+0x75eccd]
V  [libjvm.so+0xea4232]
V  [libjvm.so+0xea44e6]
V  [libjvm.so+0x84cd87]
V  [libjvm.so+0xe7b90f]
V  [libjvm.so+0x9050c1]  JNI_CreateJavaVM+0x51
C  [libjli.so+0x4c5f]
C  [libjli.so+0x949d]


---------------  P R O C E S S  ---------------

Threads class SMR info:
_java_thread_list=0x000055bf801aa6e0, length=0, elements={
}

Java Threads: ( => current thread )

Other Threads:
  0x00007eff14033000 GCTaskThread "GC Thread#0" [stack: 0x00007efefc799000,0x00007efefc899000] [id=59659]
  0x00007eff14043800 ConcurrentGCThread "G1 Main Marker" [stack: 0x00007efefc195000,0x00007efefc295000] [id=59663]
  0x00007eff14045800 ConcurrentGCThread "G1 Conc#0" [stack: 0x00007efefc093000,0x00007efefc193000] [id=59664]

[error occurred during error reporting (printing all threads), id 0xb, SIGSEGV (0xb) at pc=0x00007eff1a7cca20]

VM state:not at safepoint (not fully initialized)

VM Mutex/Monitor currently owned by a thread:  ([mutex/lock_event])
[0x00007eff14017330] Heap_lock - owner thread: 0x00007eff1401a800

Heap address: 0x00000000e0000000, size: 512 MB, Compressed Oops mode: Non-zero based: 0x00000000e0000000
Narrow klass base: 0x0000000000000000, Narrow klass shift: 0

GC Heap History (0 events):
No events

Deoptimization events (0 events):
No events

Classes redefined (0 events):
No events

Internal exceptions (0 events):
No events

Events (2 events):
Event: 0.521 Protecting memory [0x00007eff1c2e2000,0x00007eff1c2e6000] with protection modes 0
Event: 0.606 Loaded shared library /usr/lib/jvm/java-11-openjdk-amd64/lib/libzip.so


Dynamic libraries:
efc00000-100000000 ---p 00000000 00:00 0 
55bf7f39b000-55bf7f39c000 r-xp 00000000 08:01 818312                     /usr/lib/jvm/java-11-openjdk-amd64/bin/java
55bf7f59c000-55bf7f59d000 r--p 00001000 08:01 818312                     /usr/lib/jvm/java-11-openjdk-amd64/bin/java
55bf7f59d000-55bf7f59e000 rw-p 00002000 08:01 818312                     /usr/lib/jvm/java-11-openjdk-amd64/bin/java
55bf80190000-55bf801b1000 rw-p 00000000 00:00 0                          [heap]
7efee8000000-7efee8021000 rw-p 00000000 00:00 0 
7efee8021000-7efeec000000 ---p 00000000 00:00 0 
7efef0000000-7efef0021000 rw-p 00000000 00:00 0 
7efef0021000-7efef4000000 ---p 00000000 00:00 0 
7efef4dfe000-7efef7000000 rw-p 00000000 00:00 0 
7efef7000000-7efef8000000 ---p 00000000 00:00 0 
7efef8000000-7efef8021000 rw-p 00000000 00:00 0 
7efef8021000-7efefc000000 ---p 00000000 00:00 0 
7efefc091000-7efefc092000 ---p 00000000 00:00 0 
7efefc092000-7efefc193000 rw-p 00000000 00:00 0 
7efefc193000-7efefc194000 ---p 00000000 00:00 0 
7efefc194000-7efefc295000 rw-p 00000000 00:00 0 
7efefc295000-7efefc595000 ---p 00000000 00:00 0 
7efefc595000-7efefc797000 rw-p 00000000 00:00 0 
7efefc797000-7efefc798000 ---p 00000000 00:00 0 
7efefc798000-7efefc899000 rw-p 00000000 00:00 0 
7efefc899000-7efefcb09000 rwxp 00000000 00:00 0 
7efefcb09000-7efefce28000 ---p 00000000 00:00 0 
7efefce28000-7efefd098000 rwxp 00000000 00:00 0 
7efefd098000-7eff04360000 ---p 00000000 00:00 0 
7eff04360000-7eff045d0000 rwxp 00000000 00:00 0 
7eff045d0000-7eff0b899000 ---p 00000000 00:00 0 
7eff0b899000-7eff14000000 r--s 00000000 08:01 818394                     /usr/lib/jvm/java-11-openjdk-amd64/lib/modules
7eff14000000-7eff14058000 rw-p 00000000 00:00 0 
7eff14058000-7eff18000000 ---p 00000000 00:00 0 
7eff180a2000-7eff180a7000 rw-p 00000000 00:00 0 
7eff180a7000-7eff1818d000 ---p 00000000 00:00 0 
7eff1818d000-7eff18192000 rw-p 00000000 00:00 0 
7eff18192000-7eff18278000 ---p 00000000 00:00 0 
7eff18278000-7eff1827f000 r-xp 00000000 08:01 818393                     /usr/lib/jvm/java-11-openjdk-amd64/lib/libzip.so
7eff1827f000-7eff1847e000 ---p 00007000 08:01 818393                     /usr/lib/jvm/java-11-openjdk-amd64/lib/libzip.so
7eff1847e000-7eff1847f000 r--p 00006000 08:01 818393                     /usr/lib/jvm/java-11-openjdk-amd64/lib/libzip.so
7eff1847f000-7eff18480000 rw-p 00007000 08:01 818393                     /usr/lib/jvm/java-11-openjdk-amd64/lib/libzip.so
7eff18480000-7eff1848b000 r-xp 00000000 08:01 660751                     /lib/x86_64-linux-gnu/libnss_files-2.27.so
7eff1848b000-7eff1868a000 ---p 0000b000 08:01 660751                     /lib/x86_64-linux-gnu/libnss_files-2.27.so
7eff1868a000-7eff1868b000 r--p 0000a000 08:01 660751                     /lib/x86_64-linux-gnu/libnss_files-2.27.so
7eff1868b000-7eff1868c000 rw-p 0000b000 08:01 660751                     /lib/x86_64-linux-gnu/libnss_files-2.27.so
7eff1868c000-7eff18692000 rw-p 00000000 00:00 0 
7eff18692000-7eff186a9000 r-xp 00000000 08:01 660747                     /lib/x86_64-linux-gnu/libnsl-2.27.so
7eff186a9000-7eff188a8000 ---p 00017000 08:01 660747                     /lib/x86_64-linux-gnu/libnsl-2.27.so
7eff188a8000-7eff188a9000 r--p 00016000 08:01 660747                     /lib/x86_64-linux-gnu/libnsl-2.27.so
7eff188a9000-7eff188aa000 rw-p 00017000 08:01 660747                     /lib/x86_64-linux-gnu/libnsl-2.27.so
7eff188aa000-7eff188ac000 rw-p 00000000 00:00 0 
7eff188ac000-7eff188b7000 r-xp 00000000 08:01 660753                     /lib/x86_64-linux-gnu/libnss_nis-2.27.so
7eff188b7000-7eff18ab6000 ---p 0000b000 08:01 660753                     /lib/x86_64-linux-gnu/libnss_nis-2.27.so
7eff18ab6000-7eff18ab7000 r--p 0000a000 08:01 660753                     /lib/x86_64-linux-gnu/libnss_nis-2.27.so
7eff18ab7000-7eff18ab8000 rw-p 0000b000 08:01 660753                     /lib/x86_64-linux-gnu/libnss_nis-2.27.so
7eff18ab8000-7eff18ac0000 r-xp 00000000 08:01 660749                     /lib/x86_64-linux-gnu/libnss_compat-2.27.so
7eff18ac0000-7eff18cc0000 ---p 00008000 08:01 660749                     /lib/x86_64-linux-gnu/libnss_compat-2.27.so
7eff18cc0000-7eff18cc1000 r--p 00008000 08:01 660749                     /lib/x86_64-linux-gnu/libnss_compat-2.27.so
7eff18cc1000-7eff18cc2000 rw-p 00009000 08:01 660749                     /lib/x86_64-linux-gnu/libnss_compat-2.27.so
7eff18cc2000-7eff18ccc000 r-xp 00000000 08:01 818367                     /usr/lib/jvm/java-11-openjdk-amd64/lib/libinstrument.so
7eff18ccc000-7eff18ecb000 ---p 0000a000 08:01 818367                     /usr/lib/jvm/java-11-openjdk-amd64/lib/libinstrument.so
7eff18ecb000-7eff18ecc000 r--p 00009000 08:01 818367                     /usr/lib/jvm/java-11-openjdk-amd64/lib/libinstrument.so
7eff18ecc000-7eff18ecd000 rw-p 0000a000 08:01 818367                     /usr/lib/jvm/java-11-openjdk-amd64/lib/libinstrument.so
7eff18ecd000-7eff18ed2000 r-xp 00000000 08:01 818376                     /usr/lib/jvm/java-11-openjdk-amd64/lib/libjimage.so
7eff18ed2000-7eff190d1000 ---p 00005000 08:01 818376                     /usr/lib/jvm/java-11-openjdk-amd64/lib/libjimage.so
7eff190d1000-7eff190d2000 r--p 00004000 08:01 818376                     /usr/lib/jvm/java-11-openjdk-amd64/lib/libjimage.so
7eff190d2000-7eff190d3000 rw-p 00005000 08:01 818376                     /usr/lib/jvm/java-11-openjdk-amd64/lib/libjimage.so
7eff190d3000-7eff190fc000 r-xp 00000000 08:01 818372                     /usr/lib/jvm/java-11-openjdk-amd64/lib/libjava.so
7eff190fc000-7eff192fc000 ---p 00029000 08:01 818372                     /usr/lib/jvm/java-11-openjdk-amd64/lib/libjava.so
7eff192fc000-7eff192fd000 r--p 00029000 08:01 818372                     /usr/lib/jvm/java-11-openjdk-amd64/lib/libjava.so
7eff192fd000-7eff192fe000 rw-p 0002a000 08:01 818372                     /usr/lib/jvm/java-11-openjdk-amd64/lib/libjava.so
7eff192fe000-7eff192ff000 rw-p 00000000 00:00 0 
7eff192ff000-7eff1930c000 r-xp 00000000 08:01 818392                     /usr/lib/jvm/java-11-openjdk-amd64/lib/libverify.so
7eff1930c000-7eff1950b000 ---p 0000d000 08:01 818392                     /usr/lib/jvm/java-11-openjdk-amd64/lib/libverify.so
7eff1950b000-7eff1950d000 r--p 0000c000 08:01 818392                     /usr/lib/jvm/java-11-openjdk-amd64/lib/libverify.so
7eff1950d000-7eff1950e000 rw-p 0000e000 08:01 818392                     /usr/lib/jvm/java-11-openjdk-amd64/lib/libverify.so
7eff1950e000-7eff19515000 r-xp 00000000 08:01 660758                     /lib/x86_64-linux-gnu/librt-2.27.so
7eff19515000-7eff19714000 ---p 00007000 08:01 660758                     /lib/x86_64-linux-gnu/librt-2.27.so
7eff19714000-7eff19715000 r--p 00006000 08:01 660758                     /lib/x86_64-linux-gnu/librt-2.27.so
7eff19715000-7eff19716000 rw-p 00007000 08:01 660758                     /lib/x86_64-linux-gnu/librt-2.27.so
7eff19716000-7eff1972d000 r-xp 00000000 08:01 655902                     /lib/x86_64-linux-gnu/libgcc_s.so.1
7eff1972d000-7eff1992c000 ---p 00017000 08:01 655902                     /lib/x86_64-linux-gnu/libgcc_s.so.1
7eff1992c000-7eff1992d000 r--p 00016000 08:01 655902                     /lib/x86_64-linux-gnu/libgcc_s.so.1
7eff1992d000-7eff1992e000 rw-p 00017000 08:01 655902                     /lib/x86_64-linux-gnu/libgcc_s.so.1
7eff1992e000-7eff19acb000 r-xp 00000000 08:01 660744                     /lib/x86_64-linux-gnu/libm-2.27.so
7eff19acb000-7eff19cca000 ---p 0019d000 08:01 660744                     /lib/x86_64-linux-gnu/libm-2.27.so
7eff19cca000-7eff19ccb000 r--p 0019c000 08:01 660744                     /lib/x86_64-linux-gnu/libm-2.27.so
7eff19ccb000-7eff19ccc000 rw-p 0019d000 08:01 660744                     /lib/x86_64-linux-gnu/libm-2.27.so
7eff19ccc000-7eff19e45000 r-xp 00000000 08:01 787635                     /usr/lib/x86_64-linux-gnu/libstdc++.so.6.0.25
7eff19e45000-7eff1a045000 ---p 00179000 08:01 787635                     /usr/lib/x86_64-linux-gnu/libstdc++.so.6.0.25
7eff1a045000-7eff1a04f000 r--p 00179000 08:01 787635                     /usr/lib/x86_64-linux-gnu/libstdc++.so.6.0.25
7eff1a04f000-7eff1a051000 rw-p 00183000 08:01 787635                     /usr/lib/x86_64-linux-gnu/libstdc++.so.6.0.25
7eff1a051000-7eff1a055000 rw-p 00000000 00:00 0 
7eff1a055000-7eff1b246000 r-xp 00000000 08:01 818397                     /usr/lib/jvm/java-11-openjdk-amd64/lib/server/libjvm.so
7eff1b246000-7eff1b445000 ---p 011f1000 08:01 818397                     /usr/lib/jvm/java-11-openjdk-amd64/lib/server/libjvm.so
7eff1b445000-7eff1b506000 r--p 011f0000 08:01 818397                     /usr/lib/jvm/java-11-openjdk-amd64/lib/server/libjvm.so
7eff1b506000-7eff1b541000 rw-p 012b1000 08:01 818397                     /usr/lib/jvm/java-11-openjdk-amd64/lib/server/libjvm.so
7eff1b541000-7eff1b598000 rw-p 00000000 00:00 0 
7eff1b598000-7eff1b5b2000 r-xp 00000000 08:01 660756                     /lib/x86_64-linux-gnu/libpthread-2.27.so
7eff1b5b2000-7eff1b7b1000 ---p 0001a000 08:01 660756                     /lib/x86_64-linux-gnu/libpthread-2.27.so
7eff1b7b1000-7eff1b7b2000 r--p 00019000 08:01 660756                     /lib/x86_64-linux-gnu/libpthread-2.27.so
7eff1b7b2000-7eff1b7b3000 rw-p 0001a000 08:01 660756                     /lib/x86_64-linux-gnu/libpthread-2.27.so
7eff1b7b3000-7eff1b7b7000 rw-p 00000000 00:00 0 
7eff1b7b7000-7eff1b7ba000 r-xp 00000000 08:01 660687                     /lib/x86_64-linux-gnu/libdl-2.27.so
7eff1b7ba000-7eff1b9b9000 ---p 00003000 08:01 660687                     /lib/x86_64-linux-gnu/libdl-2.27.so
7eff1b9b9000-7eff1b9ba000 r--p 00002000 08:01 660687                     /lib/x86_64-linux-gnu/libdl-2.27.so
7eff1b9ba000-7eff1b9bb000 rw-p 00003000 08:01 660687                     /lib/x86_64-linux-gnu/libdl-2.27.so
7eff1b9bb000-7eff1b9d7000 r-xp 00000000 08:01 655385                     /lib/x86_64-linux-gnu/libz.so.1.2.11
7eff1b9d7000-7eff1bbd6000 ---p 0001c000 08:01 655385                     /lib/x86_64-linux-gnu/libz.so.1.2.11
7eff1bbd6000-7eff1bbd7000 r--p 0001b000 08:01 655385                     /lib/x86_64-linux-gnu/libz.so.1.2.11
7eff1bbd7000-7eff1bbd8000 rw-p 0001c000 08:01 655385                     /lib/x86_64-linux-gnu/libz.so.1.2.11
7eff1bbd8000-7eff1bdbf000 r-xp 00000000 08:01 660683                     /lib/x86_64-linux-gnu/libc-2.27.so
7eff1bdbf000-7eff1bfbf000 ---p 001e7000 08:01 660683                     /lib/x86_64-linux-gnu/libc-2.27.so
7eff1bfbf000-7eff1bfc3000 r--p 001e7000 08:01 660683                     /lib/x86_64-linux-gnu/libc-2.27.so
7eff1bfc3000-7eff1bfc5000 rw-p 001eb000 08:01 660683                     /lib/x86_64-linux-gnu/libc-2.27.so
7eff1bfc5000-7eff1bfc9000 rw-p 00000000 00:00 0 
7eff1bfc9000-7eff1bfd9000 r-xp 00000000 08:01 818356                     /usr/lib/jvm/java-11-openjdk-amd64/lib/jli/libjli.so
7eff1bfd9000-7eff1c1d8000 ---p 00010000 08:01 818356                     /usr/lib/jvm/java-11-openjdk-amd64/lib/jli/libjli.so
7eff1c1d8000-7eff1c1d9000 r--p 0000f000 08:01 818356                     /usr/lib/jvm/java-11-openjdk-amd64/lib/jli/libjli.so
7eff1c1d9000-7eff1c1da000 rw-p 00010000 08:01 818356                     /usr/lib/jvm/java-11-openjdk-amd64/lib/jli/libjli.so
7eff1c1da000-7eff1c203000 r-xp 00000000 08:01 660679                     /lib/x86_64-linux-gnu/ld-2.27.so
7eff1c2d0000-7eff1c2e2000 rw-p 00000000 00:00 0 
7eff1c2e2000-7eff1c2e6000 ---p 00000000 00:00 0 
7eff1c2e6000-7eff1c3e5000 rw-p 00000000 00:00 0 
7eff1c3e9000-7eff1c3ee000 rw-p 00000000 00:00 0 
7eff1c3ee000-7eff1c3f5000 ---p 00000000 00:00 0 
7eff1c3f5000-7eff1c3f7000 r--s 00007000 08:01 281012                     /usr/share/java/java-atk-wrapper.jar
7eff1c3f7000-7eff1c3ff000 rw-s 00000000 08:01 1483214                    /tmp/hsperfdata_viewadmin/59653
7eff1c3ff000-7eff1c400000 ---p 00000000 00:00 0 
7eff1c400000-7eff1c401000 r--p 00000000 00:00 0 
7eff1c401000-7eff1c403000 rw-p 00000000 00:00 0 
7eff1c403000-7eff1c404000 r--p 00029000 08:01 660679                     /lib/x86_64-linux-gnu/ld-2.27.so
7eff1c404000-7eff1c405000 rw-p 0002a000 08:01 660679                     /lib/x86_64-linux-gnu/ld-2.27.so
7eff1c405000-7eff1c406000 rw-p 00000000 00:00 0 
7ffef1329000-7ffef134a000 rw-p 00000000 00:00 0                          [stack]
7ffef139b000-7ffef139e000 r--p 00000000 00:00 0                          [vvar]
7ffef139e000-7ffef13a0000 r-xp 00000000 00:00 0                          [vdso]
ffffffffff600000-ffffffffff601000 r-xp 00000000 00:00 0                  [vsyscall]


VM Arguments:
jvm_args: -Dallure.results.directory=/home/viewadmin/hello-selenium-java/build/allure-results -Dorg.gradle.native=false -Dselenide.browser=firefox -Dselenide.headless=true -javaagent:/home/viewadmin/.gradle/caches/modules-2/files-2.1/org.aspectj/aspectjweaver/1.8.10/e198c5fee28988c355f74e06461614eae36b2032/aspectjweaver-1.8.10.jar -Xmx512m -Dfile.encoding=UTF-8 -Duser.country=US -Duser.language=en -Duser.variant -ea 
java_command: worker.org.gradle.process.internal.worker.GradleWorkerMain 'Gradle Test Executor 18'
java_class_path (initial): /home/viewadmin/.gradle/caches/6.7.1/workerMain/gradle-worker.jar:/home/viewadmin/hello-selenium-java/build/classes/java/test:/home/viewadmin/hello-selenium-java/build/resources/test:/home/viewadmin/hello-selenium-java/build/classes/java/main:/home/viewadmin/hello-selenium-java/build/resources/main:/home/viewadmin/.gradle/caches/modules-2/files-2.1/io.qameta.allure/allure-selenide/2.13.7/e62113087253d86e67af7d634f313d1e381ceca6/allure-selenide-2.13.7.jar:/home/viewadmin/.gradle/caches/modules-2/files-2.1/com.codeborne/selenide/5.16.2/430e093b4e8bd4a990006d9d0ca2e5a490b5cf72/selenide-5.16.2.jar:/home/viewadmin/.gradle/caches/modules-2/files-2.1/io.qameta.allure/allure-junit5/2.13.7/6bedebf3320ed8d1906697e2fccd269c9a4187d0/allure-junit5-2.13.7.jar:/home/viewadmin/.gradle/caches/modules-2/files-2.1/org.hamcrest/hamcrest/2.2/1820c0968dba3a11a1b30669bb1f01978a91dedc/hamcrest-2.2.jar:/home/viewadmin/.gradle/caches/modules-2/files-2.1/org.slf4j/slf4j-simple/1.7.29/82ae07f95088577987a15d90171de12b00d81847/slf4j-simple-1.7.29.jar:/home/viewadmin/.gradle/caches/modules-2/files-2.1/io.qameta.allure/allure-junit-platform/2.13.7/76b7d4d4da3fa3db297a52cd482bfecbe7c884ea/allure-junit-platform-2.13.7.jar:/home/viewadmin/.gradle/caches/modules-2/files-2.1/org.junit.platform/junit-platform-launcher/1.7.0/cfd2d9c8b6ff9f3880faad828454cd0166bc12d7/junit-platform-launcher-1.7.0.jar:/home/viewadmin/.gradle/caches/modules-2/files-2.1/org.junit.platform/junit-platform-engine/1.7.0/eadb73c5074a4ac71061defd00fc176152a4d12c/junit-platform-engine-1.7.0.jar:/home/viewadmin/.gradle/caches/modules-2/files-2.1/org.junit.platform/junit-platform-commons/1.7.0/84e309fbf21d857aac079a3c1fffd84284e1114d/junit-platform-commons-1.7.0.jar:/home/viewadmin/.gradle/caches/modules-2/files-2.1/org.junit.jupiter/junit-jupiter-engine/5.7.0/d9044d6b45e2232ddd53fa56c15333e43d1749fd/junit-jupiter-engine-5.7.0.jar:/home/viewadmin/.gradle/caches/modules-2/files-2.1/org.junit.jupiter/junit-j
Launcher Type: SUN_STANDARD

[Global flags]
     intx CICompilerCount                          = 2                                         {product} {ergonomic}
     uint ConcGCThreads                            = 1                                         {product} {ergonomic}
     uint G1ConcRefinementThreads                  = 2                                         {product} {ergonomic}
   size_t G1HeapRegionSize                         = 1048576                                   {product} {ergonomic}
    uintx GCDrainStackTargetSize                   = 64                                        {product} {ergonomic}
   size_t InitialHeapSize                          = 264241152                                 {product} {ergonomic}
   size_t MarkStackSize                            = 4194304                                   {product} {ergonomic}
   size_t MaxHeapSize                              = 536870912                                 {product} {command line}
   size_t MinHeapDeltaBytes                        = 1048576                                   {product} {ergonomic}
    uintx NonNMethodCodeHeapSize                   = 5825164                                {pd product} {ergonomic}
    uintx NonProfiledCodeHeapSize                  = 122916538                              {pd product} {ergonomic}
    uintx ProfiledCodeHeapSize                     = 122916538                              {pd product} {ergonomic}
    uintx ReservedCodeCacheSize                    = 251658240                              {pd product} {ergonomic}
     bool SegmentedCodeCache                       = true                                      {product} {ergonomic}
     bool UseCompressedClassPointers               = true                                 {lp64_product} {ergonomic}
     bool UseCompressedOops                        = true                                 {lp64_product} {ergonomic}
     bool UseG1GC                                  = true                                      {product} {ergonomic}

Logging:
Log output configuration:
 #0: stdout all=warning uptime,level,tags
 #1: stderr all=off uptime,level,tags

Environment Variables:
PATH=/home/viewadmin/.nodenv/shims:/home/viewadmin/.nodenv/bin:/home/viewadmin/bin:/home/viewadmin/.local/bin:/opt/gradle-6.7.1/bin:/usr/local/sbin:/usr/local/bin:/usr/sbin:/usr/bin:/sbin:/bin:/usr/games:/usr/local/games:/snap/bin
USERNAME=viewadmin
SHELL=/bin/bash
DISPLAY=:100
LANG=en_US.UTF-8

Signal Handlers:
SIGSEGV: [libjvm.so+0xeeaf50], sa_mask[0]=11111111011111111101111111111110, sa_flags=SA_RESTART|SA_SIGINFO
SIGBUS: [libjvm.so+0xeeaf50], sa_mask[0]=11111111011111111101111111111110, sa_flags=SA_RESTART|SA_SIGINFO
SIGFPE: [libjvm.so+0xeeaf50], sa_mask[0]=11111111011111111101111111111110, sa_flags=SA_RESTART|SA_SIGINFO
SIGPIPE: [libjvm.so+0xc0ee30], sa_mask[0]=11111111011111111101111111111110, sa_flags=SA_RESTART|SA_SIGINFO
SIGXFSZ: [libjvm.so+0xc0ee30], sa_mask[0]=11111111011111111101111111111110, sa_flags=SA_RESTART|SA_SIGINFO
SIGILL: [libjvm.so+0xeeaf50], sa_mask[0]=11111111011111111101111111111110, sa_flags=SA_RESTART|SA_SIGINFO
SIGUSR2: [libjvm.so+0xc0ecd0], sa_mask[0]=00100000000000000000000000000000, sa_flags=SA_RESTART|SA_SIGINFO
SIGHUP: SIG_DFL, sa_mask[0]=00000000000000000000000000000000, sa_flags=none
SIGINT: SIG_DFL, sa_mask[0]=00000000000000000000000000000000, sa_flags=none
SIGTERM: SIG_DFL, sa_mask[0]=00000000000000000000000000000000, sa_flags=none
SIGQUIT: SIG_DFL, sa_mask[0]=00000000000000000000000000000000, sa_flags=none


---------------  S Y S T E M  ---------------

OS:DISTRIB_ID=Ubuntu
DISTRIB_RELEASE=18.04
DISTRIB_CODENAME=bionic
DISTRIB_DESCRIPTION="Ubuntu 18.04.5 LTS"
uname:Linux 4.15.0-132-generic #136-Ubuntu SMP Tue Jan 12 14:58:42 UTC 2021 x86_64
OS uptime: 8 days 4:28 hours
libc:glibc 2.27 NPTL 2.27 
rlimit (soft/hard): STACK 8192k/infinity , CORE 0k/infinity , NPROC 63885/63885 , NOFILE 4096/4096 , AS infinity/infinity , CPU infinity/infinity , DATA infinity/infinity , FSIZE infinity/infinity , MEMLOCK 65536k/65536k
load average:8.07 9.11 10.59

/proc/meminfo:
MemTotal:       16402112 kB
MemFree:          152764 kB
MemAvailable:     110680 kB
Buffers:            1588 kB
Cached:           405336 kB
SwapCached:            0 kB
Active:         15130996 kB
Inactive:         345868 kB
Active(anon):   15083584 kB
Inactive(anon):   277840 kB
Active(file):      47412 kB
Inactive(file):    68028 kB
Unevictable:          32 kB
Mlocked:              32 kB
SwapTotal:             0 kB
SwapFree:              0 kB
Dirty:                76 kB
Writeback:            64 kB
AnonPages:      15070004 kB
Mapped:           383180 kB
Shmem:            291520 kB
Slab:             377128 kB
SReclaimable:     138648 kB
SUnreclaim:       238480 kB
KernelStack:       80224 kB
PageTables:       124292 kB
NFS_Unstable:          0 kB
Bounce:                0 kB
WritebackTmp:          0 kB
CommitLimit:     8201056 kB
Committed_AS:   29047496 kB
VmallocTotal:   34359738367 kB
VmallocUsed:           0 kB
VmallocChunk:          0 kB
HardwareCorrupted:     0 kB
AnonHugePages:      4096 kB
ShmemHugePages:        0 kB
ShmemPmdMapped:        0 kB
CmaTotal:              0 kB
CmaFree:               0 kB
HugePages_Total:       0
HugePages_Free:        0
HugePages_Rsvd:        0
HugePages_Surp:        0
Hugepagesize:       2048 kB
DirectMap4k:     1556288 kB
DirectMap2M:    15220736 kB

/sys/kernel/mm/transparent_hugepage/enabled:
always [madvise] never
/sys/kernel/mm/transparent_hugepage/defrag (defrag/compaction efforts parameter):
always defer defer+madvise [madvise] never

/proc/sys/kernel/threads-max (system-wide limit on the number of threads):
127770
/proc/sys/vm/max_map_count (maximum number of memory map areas a process may have):
65530
/proc/sys/kernel/pid_max (system-wide limit on number of process identifiers):
131072

container (cgroup) information:
container_type: cgroupv1
cpu_cpuset_cpus: 0-1
cpu_memory_nodes: 0
active_processor_count: 2
cpu_quota: -1
cpu_period: 100000
cpu_shares: -1
memory_limit_in_bytes: -1
memory_and_swap_limit_in_bytes: -2
memory_soft_limit_in_bytes: -1
memory_usage_in_bytes: 8586739712
memory_max_usage_in_bytes: 12138598400

VMWare virtualization detected
Steal ticks since vm start: 0
Steal ticks percentage since vm start:  0.000

CPU:total 2 (initial active 2) (1 cores per cpu, 1 threads per core) family 6 model 45 stepping 2, cmov, cx8, fxsr, mmx, sse, sse2, sse3, ssse3, sse4.1, sse4.2, popcnt, avx, aes, clmul, tsc, tscinvbit, tscinv
CPU Model and flags from /proc/cpuinfo:
model name	: Intel(R) Xeon(R) CPU E5-2620 v3 @ 2.40GHz
flags		: fpu vme de pse tsc msr pae mce cx8 apic sep mtrr pge mca cmov pat pse36 clflush mmx fxsr sse sse2 ss syscall nx rdtscp lm constant_tsc arch_perfmon nopl xtopology tsc_reliable nonstop_tsc cpuid pni pclmulqdq ssse3 cx16 pcid sse4_1 sse4_2 x2apic popcnt tsc_deadline_timer aes xsave avx hypervisor lahf_lm pti ssbd ibrs ibpb stibp tsc_adjust arat flush_l1d arch_capabilities
Online cpus:
0-1
Offline cpus:
2-127
BIOS frequency limitation:
<Not Available>
Frequency switch latency (ns):
<Not Available>
Available cpu frequencies:
<Not Available>
Current governor:
<Not Available>
Core performance/turbo boost:
<Not Available>

Memory: 4k page, physical 16402112k(161152k free), swap 0k(0k free)

vm_info: OpenJDK 64-Bit Server VM (11.0.9.1+1-Ubuntu-0ubuntu1.18.04) for linux-amd64 JRE (11.0.9.1+1-Ubuntu-0ubuntu1.18.04), built on Nov 10 2020 04:18:42 by "unknown" with gcc 7.5.0

END.
