#
# There is insufficient memory for the Java Runtime Environment to continue.
# Native memory allocation (mmap) failed to map 264241152 bytes for committing reserved memory.
# Possible reasons:
#   The system is out of physical RAM or swap space
#   The process is running with CompressedOops enabled, and the Java Heap may be blocking the growth of the native heap
# Possible solutions:
#   Reduce memory load on the system
#   Increase physical memory or swap space
#   Check if swap backing store is full
#   Decrease Java heap size (-Xmx/-Xms)
#   Decrease number of Java threads
#   Decrease Java thread stack sizes (-Xss)
#   Set larger code cache with -XX:ReservedCodeCacheSize=
# This output file may be truncated or incomplete.
#
#  Out of Memory Error (os_linux.cpp:2922), pid=60418, tid=60431
#
# JRE version:  (11.0.9.1+1) (build )
# Java VM: OpenJDK 64-Bit Server VM (11.0.9.1+1-Ubuntu-0ubuntu1.18.04, mixed mode, sharing, tiered, compressed oops, g1 gc, linux-amd64)
# Core dump will be written. Default location: Core dumps may be processed with "/usr/share/apport/apport %p %s %c %d %P %E" (or dumping to /home/viewadmin/hello-selenium-java/core.60418)
#

---------------  S U M M A R Y ------------

Command Line: -Dallure.results.directory=/home/viewadmin/hello-selenium-java/build/allure-results -Dorg.gradle.native=false -Dselenide.browser=firefox -Dselenide.headless=true -javaagent:/home/viewadmin/.gradle/caches/modules-2/files-2.1/org.aspectj/aspectjweaver/1.8.10/e198c5fee28988c355f74e06461614eae36b2032/aspectjweaver-1.8.10.jar -Xmx512m -Dfile.encoding=UTF-8 -Duser.country=US -Duser.language=en -Duser.variant -ea worker.org.gradle.process.internal.worker.GradleWorkerMain 'Gradle Test Executor 26'

Host: Intel(R) Xeon(R) CPU E5-2620 v3 @ 2.40GHz, 2 cores, 15G, Ubuntu 18.04.5 LTS
Time: Fri Feb  5 13:22:03 2021 CET elapsed time: 4.810583 seconds (0d 0h 0m 4s)

---------------  T H R E A D  ---------------

Current thread (0x00007f4d8401a800):  JavaThread "Unknown thread" [_thread_in_vm, id=60431, stack(0x00007f4d8d084000,0x00007f4d8d185000)]

Stack: [0x00007f4d8d084000,0x00007f4d8d185000],  sp=0x00007f4d8d183220,  free space=1020k
Native frames: (J=compiled Java code, A=aot compiled Java code, j=interpreted, Vv=VM code, C=native code)
V  [libjvm.so+0xee9509]
V  [libjvm.so+0xeea19b]
V  [libjvm.so+0x681a15]
V  [libjvm.so+0xc13ae8]
V  [libjvm.so+0xc0a59d]
V  [libjvm.so+0x7a0b4f]
V  [libjvm.so+0x7a0dbe]
V  [libjvm.so+0x7acf70]
V  [libjvm.so+0x8293f9]
V  [libjvm.so+0x82a052]
V  [libjvm.so+0x82a4b9]
V  [libjvm.so+0x75e5df]
V  [libjvm.so+0x75eccd]
V  [libjvm.so+0xea4232]
V  [libjvm.so+0xea44e6]
V  [libjvm.so+0x84cd87]
V  [libjvm.so+0xe7b90f]
V  [libjvm.so+0x9050c1]  JNI_CreateJavaVM+0x51
C  [libjli.so+0x4c5f]
C  [libjli.so+0x949d]


---------------  P R O C E S S  ---------------

Threads class SMR info:
_java_thread_list=0x000056225abc86e0, length=0, elements={
}

Java Threads: ( => current thread )

Other Threads:
  0x00007f4d84033000 GCTaskThread "GC Thread#0" [stack: 0x00007f4d88d44000,0x00007f4d88e44000] [id=60448]
  0x00007f4d84043800 ConcurrentGCThread "G1 Main Marker" [stack: 0x00007f4d67f00000,0x00007f4d68000000] [id=60450]
  0x00007f4d84045800 ConcurrentGCThread "G1 Conc#0" [stack: 0x00007f4d67dfe000,0x00007f4d67efe000] [id=60451]

[error occurred during error reporting (printing all threads), id 0xb, SIGSEGV (0xb) at pc=0x00007f4d8b56ea20]

VM state:not at safepoint (not fully initialized)

VM Mutex/Monitor currently owned by a thread:  ([mutex/lock_event])
[0x00007f4d84017330] Heap_lock - owner thread: 0x00007f4d8401a800

Heap address: 0x00000000e0000000, size: 512 MB, Compressed Oops mode: Non-zero based: 0x00000000e0000000
Narrow klass base: 0x0000000000000000, Narrow klass shift: 0

GC Heap History (0 events):
No events

Deoptimization events (0 events):
No events

Classes redefined (0 events):
No events

Internal exceptions (0 events):
No events

Events (2 events):
Event: 1.328 Protecting memory [0x00007f4d8d084000,0x00007f4d8d088000] with protection modes 0
Event: 1.373 Loaded shared library /usr/lib/jvm/java-11-openjdk-amd64/lib/libzip.so


Dynamic libraries:
efc00000-100000000 ---p 00000000 00:00 0 
562258bf6000-562258bf7000 r-xp 00000000 08:01 818312                     /usr/lib/jvm/java-11-openjdk-amd64/bin/java
562258df7000-562258df8000 r--p 00001000 08:01 818312                     /usr/lib/jvm/java-11-openjdk-amd64/bin/java
562258df8000-562258df9000 rw-p 00002000 08:01 818312                     /usr/lib/jvm/java-11-openjdk-amd64/bin/java
56225abae000-56225abcf000 rw-p 00000000 00:00 0                          [heap]
7f4d58000000-7f4d58021000 rw-p 00000000 00:00 0 
7f4d58021000-7f4d5c000000 ---p 00000000 00:00 0 
7f4d60000000-7f4d60021000 rw-p 00000000 00:00 0 
7f4d60021000-7f4d64000000 ---p 00000000 00:00 0 
7f4d65bfa000-7f4d67dfc000 rw-p 00000000 00:00 0 
7f4d67dfc000-7f4d67dfd000 ---p 00000000 00:00 0 
7f4d67dfd000-7f4d67efe000 rw-p 00000000 00:00 0 
7f4d67efe000-7f4d67eff000 ---p 00000000 00:00 0 
7f4d67eff000-7f4d68000000 rw-p 00000000 00:00 0 
7f4d68000000-7f4d68021000 rw-p 00000000 00:00 0 
7f4d68021000-7f4d6c000000 ---p 00000000 00:00 0 
7f4d6c099000-7f4d6c899000 ---p 00000000 00:00 0 
7f4d6c899000-7f4d6cb09000 rwxp 00000000 00:00 0 
7f4d6cb09000-7f4d6ce28000 ---p 00000000 00:00 0 
7f4d6ce28000-7f4d6d098000 rwxp 00000000 00:00 0 
7f4d6d098000-7f4d74360000 ---p 00000000 00:00 0 
7f4d74360000-7f4d745d0000 rwxp 00000000 00:00 0 
7f4d745d0000-7f4d7b899000 ---p 00000000 00:00 0 
7f4d7b899000-7f4d84000000 r--s 00000000 08:01 818394                     /usr/lib/jvm/java-11-openjdk-amd64/lib/modules
7f4d84000000-7f4d84058000 rw-p 00000000 00:00 0 
7f4d84058000-7f4d88000000 ---p 00000000 00:00 0 
7f4d88040000-7f4d88b40000 ---p 00000000 00:00 0 
7f4d88b40000-7f4d88d42000 rw-p 00000000 00:00 0 
7f4d88d42000-7f4d88d43000 ---p 00000000 00:00 0 
7f4d88d43000-7f4d88e49000 rw-p 00000000 00:00 0 
7f4d88e49000-7f4d88f2f000 ---p 00000000 00:00 0 
7f4d88f2f000-7f4d88f34000 rw-p 00000000 00:00 0 
7f4d88f34000-7f4d8901a000 ---p 00000000 00:00 0 
7f4d8901a000-7f4d89021000 r-xp 00000000 08:01 818393                     /usr/lib/jvm/java-11-openjdk-amd64/lib/libzip.so
7f4d89021000-7f4d89220000 ---p 00007000 08:01 818393                     /usr/lib/jvm/java-11-openjdk-amd64/lib/libzip.so
7f4d89220000-7f4d89221000 r--p 00006000 08:01 818393                     /usr/lib/jvm/java-11-openjdk-amd64/lib/libzip.so
7f4d89221000-7f4d89222000 rw-p 00007000 08:01 818393                     /usr/lib/jvm/java-11-openjdk-amd64/lib/libzip.so
7f4d89222000-7f4d8922d000 r-xp 00000000 08:01 660751                     /lib/x86_64-linux-gnu/libnss_files-2.27.so
7f4d8922d000-7f4d8942c000 ---p 0000b000 08:01 660751                     /lib/x86_64-linux-gnu/libnss_files-2.27.so
7f4d8942c000-7f4d8942d000 r--p 0000a000 08:01 660751                     /lib/x86_64-linux-gnu/libnss_files-2.27.so
7f4d8942d000-7f4d8942e000 rw-p 0000b000 08:01 660751                     /lib/x86_64-linux-gnu/libnss_files-2.27.so
7f4d8942e000-7f4d89434000 rw-p 00000000 00:00 0 
7f4d89434000-7f4d8944b000 r-xp 00000000 08:01 660747                     /lib/x86_64-linux-gnu/libnsl-2.27.so
7f4d8944b000-7f4d8964a000 ---p 00017000 08:01 660747                     /lib/x86_64-linux-gnu/libnsl-2.27.so
7f4d8964a000-7f4d8964b000 r--p 00016000 08:01 660747                     /lib/x86_64-linux-gnu/libnsl-2.27.so
7f4d8964b000-7f4d8964c000 rw-p 00017000 08:01 660747                     /lib/x86_64-linux-gnu/libnsl-2.27.so
7f4d8964c000-7f4d8964e000 rw-p 00000000 00:00 0 
7f4d8964e000-7f4d89659000 r-xp 00000000 08:01 660753                     /lib/x86_64-linux-gnu/libnss_nis-2.27.so
7f4d89659000-7f4d89858000 ---p 0000b000 08:01 660753                     /lib/x86_64-linux-gnu/libnss_nis-2.27.so
7f4d89858000-7f4d89859000 r--p 0000a000 08:01 660753                     /lib/x86_64-linux-gnu/libnss_nis-2.27.so
7f4d89859000-7f4d8985a000 rw-p 0000b000 08:01 660753                     /lib/x86_64-linux-gnu/libnss_nis-2.27.so
7f4d8985a000-7f4d89862000 r-xp 00000000 08:01 660749                     /lib/x86_64-linux-gnu/libnss_compat-2.27.so
7f4d89862000-7f4d89a62000 ---p 00008000 08:01 660749                     /lib/x86_64-linux-gnu/libnss_compat-2.27.so
7f4d89a62000-7f4d89a63000 r--p 00008000 08:01 660749                     /lib/x86_64-linux-gnu/libnss_compat-2.27.so
7f4d89a63000-7f4d89a64000 rw-p 00009000 08:01 660749                     /lib/x86_64-linux-gnu/libnss_compat-2.27.so
7f4d89a64000-7f4d89a6e000 r-xp 00000000 08:01 818367                     /usr/lib/jvm/java-11-openjdk-amd64/lib/libinstrument.so
7f4d89a6e000-7f4d89c6d000 ---p 0000a000 08:01 818367                     /usr/lib/jvm/java-11-openjdk-amd64/lib/libinstrument.so
7f4d89c6d000-7f4d89c6e000 r--p 00009000 08:01 818367                     /usr/lib/jvm/java-11-openjdk-amd64/lib/libinstrument.so
7f4d89c6e000-7f4d89c6f000 rw-p 0000a000 08:01 818367                     /usr/lib/jvm/java-11-openjdk-amd64/lib/libinstrument.so
7f4d89c6f000-7f4d89c74000 r-xp 00000000 08:01 818376                     /usr/lib/jvm/java-11-openjdk-amd64/lib/libjimage.so
7f4d89c74000-7f4d89e73000 ---p 00005000 08:01 818376                     /usr/lib/jvm/java-11-openjdk-amd64/lib/libjimage.so
7f4d89e73000-7f4d89e74000 r--p 00004000 08:01 818376                     /usr/lib/jvm/java-11-openjdk-amd64/lib/libjimage.so
7f4d89e74000-7f4d89e75000 rw-p 00005000 08:01 818376                     /usr/lib/jvm/java-11-openjdk-amd64/lib/libjimage.so
7f4d89e75000-7f4d89e9e000 r-xp 00000000 08:01 818372                     /usr/lib/jvm/java-11-openjdk-amd64/lib/libjava.so
7f4d89e9e000-7f4d8a09e000 ---p 00029000 08:01 818372                     /usr/lib/jvm/java-11-openjdk-amd64/lib/libjava.so
7f4d8a09e000-7f4d8a09f000 r--p 00029000 08:01 818372                     /usr/lib/jvm/java-11-openjdk-amd64/lib/libjava.so
7f4d8a09f000-7f4d8a0a0000 rw-p 0002a000 08:01 818372                     /usr/lib/jvm/java-11-openjdk-amd64/lib/libjava.so
7f4d8a0a0000-7f4d8a0a1000 rw-p 00000000 00:00 0 
7f4d8a0a1000-7f4d8a0ae000 r-xp 00000000 08:01 818392                     /usr/lib/jvm/java-11-openjdk-amd64/lib/libverify.so
7f4d8a0ae000-7f4d8a2ad000 ---p 0000d000 08:01 818392                     /usr/lib/jvm/java-11-openjdk-amd64/lib/libverify.so
7f4d8a2ad000-7f4d8a2af000 r--p 0000c000 08:01 818392                     /usr/lib/jvm/java-11-openjdk-amd64/lib/libverify.so
7f4d8a2af000-7f4d8a2b0000 rw-p 0000e000 08:01 818392                     /usr/lib/jvm/java-11-openjdk-amd64/lib/libverify.so
7f4d8a2b0000-7f4d8a2b7000 r-xp 00000000 08:01 660758                     /lib/x86_64-linux-gnu/librt-2.27.so
7f4d8a2b7000-7f4d8a4b6000 ---p 00007000 08:01 660758                     /lib/x86_64-linux-gnu/librt-2.27.so
7f4d8a4b6000-7f4d8a4b7000 r--p 00006000 08:01 660758                     /lib/x86_64-linux-gnu/librt-2.27.so
7f4d8a4b7000-7f4d8a4b8000 rw-p 00007000 08:01 660758                     /lib/x86_64-linux-gnu/librt-2.27.so
7f4d8a4b8000-7f4d8a4cf000 r-xp 00000000 08:01 655902                     /lib/x86_64-linux-gnu/libgcc_s.so.1
7f4d8a4cf000-7f4d8a6ce000 ---p 00017000 08:01 655902                     /lib/x86_64-linux-gnu/libgcc_s.so.1
7f4d8a6ce000-7f4d8a6cf000 r--p 00016000 08:01 655902                     /lib/x86_64-linux-gnu/libgcc_s.so.1
7f4d8a6cf000-7f4d8a6d0000 rw-p 00017000 08:01 655902                     /lib/x86_64-linux-gnu/libgcc_s.so.1
7f4d8a6d0000-7f4d8a86d000 r-xp 00000000 08:01 660744                     /lib/x86_64-linux-gnu/libm-2.27.so
7f4d8a86d000-7f4d8aa6c000 ---p 0019d000 08:01 660744                     /lib/x86_64-linux-gnu/libm-2.27.so
7f4d8aa6c000-7f4d8aa6d000 r--p 0019c000 08:01 660744                     /lib/x86_64-linux-gnu/libm-2.27.so
7f4d8aa6d000-7f4d8aa6e000 rw-p 0019d000 08:01 660744                     /lib/x86_64-linux-gnu/libm-2.27.so
7f4d8aa6e000-7f4d8abe7000 r-xp 00000000 08:01 787635                     /usr/lib/x86_64-linux-gnu/libstdc++.so.6.0.25
7f4d8abe7000-7f4d8ade7000 ---p 00179000 08:01 787635                     /usr/lib/x86_64-linux-gnu/libstdc++.so.6.0.25
7f4d8ade7000-7f4d8adf1000 r--p 00179000 08:01 787635                     /usr/lib/x86_64-linux-gnu/libstdc++.so.6.0.25
7f4d8adf1000-7f4d8adf3000 rw-p 00183000 08:01 787635                     /usr/lib/x86_64-linux-gnu/libstdc++.so.6.0.25
7f4d8adf3000-7f4d8adf7000 rw-p 00000000 00:00 0 
7f4d8adf7000-7f4d8bfe8000 r-xp 00000000 08:01 818397                     /usr/lib/jvm/java-11-openjdk-amd64/lib/server/libjvm.so
7f4d8bfe8000-7f4d8c1e7000 ---p 011f1000 08:01 818397                     /usr/lib/jvm/java-11-openjdk-amd64/lib/server/libjvm.so
7f4d8c1e7000-7f4d8c2a8000 r--p 011f0000 08:01 818397                     /usr/lib/jvm/java-11-openjdk-amd64/lib/server/libjvm.so
7f4d8c2a8000-7f4d8c2e3000 rw-p 012b1000 08:01 818397                     /usr/lib/jvm/java-11-openjdk-amd64/lib/server/libjvm.so
7f4d8c2e3000-7f4d8c33a000 rw-p 00000000 00:00 0 
7f4d8c33a000-7f4d8c354000 r-xp 00000000 08:01 660756                     /lib/x86_64-linux-gnu/libpthread-2.27.so
7f4d8c354000-7f4d8c553000 ---p 0001a000 08:01 660756                     /lib/x86_64-linux-gnu/libpthread-2.27.so
7f4d8c553000-7f4d8c554000 r--p 00019000 08:01 660756                     /lib/x86_64-linux-gnu/libpthread-2.27.so
7f4d8c554000-7f4d8c555000 rw-p 0001a000 08:01 660756                     /lib/x86_64-linux-gnu/libpthread-2.27.so
7f4d8c555000-7f4d8c559000 rw-p 00000000 00:00 0 
7f4d8c559000-7f4d8c55c000 r-xp 00000000 08:01 660687                     /lib/x86_64-linux-gnu/libdl-2.27.so
7f4d8c55c000-7f4d8c75b000 ---p 00003000 08:01 660687                     /lib/x86_64-linux-gnu/libdl-2.27.so
7f4d8c75b000-7f4d8c75c000 r--p 00002000 08:01 660687                     /lib/x86_64-linux-gnu/libdl-2.27.so
7f4d8c75c000-7f4d8c75d000 rw-p 00003000 08:01 660687                     /lib/x86_64-linux-gnu/libdl-2.27.so
7f4d8c75d000-7f4d8c779000 r-xp 00000000 08:01 655385                     /lib/x86_64-linux-gnu/libz.so.1.2.11
7f4d8c779000-7f4d8c978000 ---p 0001c000 08:01 655385                     /lib/x86_64-linux-gnu/libz.so.1.2.11
7f4d8c978000-7f4d8c979000 r--p 0001b000 08:01 655385                     /lib/x86_64-linux-gnu/libz.so.1.2.11
7f4d8c979000-7f4d8c97a000 rw-p 0001c000 08:01 655385                     /lib/x86_64-linux-gnu/libz.so.1.2.11
7f4d8c97a000-7f4d8cb61000 r-xp 00000000 08:01 660683                     /lib/x86_64-linux-gnu/libc-2.27.so
7f4d8cb61000-7f4d8cd61000 ---p 001e7000 08:01 660683                     /lib/x86_64-linux-gnu/libc-2.27.so
7f4d8cd61000-7f4d8cd65000 r--p 001e7000 08:01 660683                     /lib/x86_64-linux-gnu/libc-2.27.so
7f4d8cd65000-7f4d8cd67000 rw-p 001eb000 08:01 660683                     /lib/x86_64-linux-gnu/libc-2.27.so
7f4d8cd67000-7f4d8cd6b000 rw-p 00000000 00:00 0 
7f4d8cd6b000-7f4d8cd7b000 r-xp 00000000 08:01 818356                     /usr/lib/jvm/java-11-openjdk-amd64/lib/jli/libjli.so
7f4d8cd7b000-7f4d8cf7a000 ---p 00010000 08:01 818356                     /usr/lib/jvm/java-11-openjdk-amd64/lib/jli/libjli.so
7f4d8cf7a000-7f4d8cf7b000 r--p 0000f000 08:01 818356                     /usr/lib/jvm/java-11-openjdk-amd64/lib/jli/libjli.so
7f4d8cf7b000-7f4d8cf7c000 rw-p 00010000 08:01 818356                     /usr/lib/jvm/java-11-openjdk-amd64/lib/jli/libjli.so
7f4d8cf7c000-7f4d8cfa5000 r-xp 00000000 08:01 660679                     /lib/x86_64-linux-gnu/ld-2.27.so
7f4d8d072000-7f4d8d084000 rw-p 00000000 00:00 0 
7f4d8d084000-7f4d8d088000 ---p 00000000 00:00 0 
7f4d8d088000-7f4d8d187000 rw-p 00000000 00:00 0 
7f4d8d18b000-7f4d8d190000 rw-p 00000000 00:00 0 
7f4d8d190000-7f4d8d197000 ---p 00000000 00:00 0 
7f4d8d197000-7f4d8d199000 r--s 00007000 08:01 281012                     /usr/share/java/java-atk-wrapper.jar
7f4d8d199000-7f4d8d1a1000 rw-s 00000000 08:01 1483214                    /tmp/hsperfdata_viewadmin/60418
7f4d8d1a1000-7f4d8d1a2000 ---p 00000000 00:00 0 
7f4d8d1a2000-7f4d8d1a3000 r--p 00000000 00:00 0 
7f4d8d1a3000-7f4d8d1a5000 rw-p 00000000 00:00 0 
7f4d8d1a5000-7f4d8d1a6000 r--p 00029000 08:01 660679                     /lib/x86_64-linux-gnu/ld-2.27.so
7f4d8d1a6000-7f4d8d1a7000 rw-p 0002a000 08:01 660679                     /lib/x86_64-linux-gnu/ld-2.27.so
7f4d8d1a7000-7f4d8d1a8000 rw-p 00000000 00:00 0 
7ffd67df7000-7ffd67e18000 rw-p 00000000 00:00 0                          [stack]
7ffd67ee7000-7ffd67eea000 r--p 00000000 00:00 0                          [vvar]
7ffd67eea000-7ffd67eec000 r-xp 00000000 00:00 0                          [vdso]
ffffffffff600000-ffffffffff601000 r-xp 00000000 00:00 0                  [vsyscall]


VM Arguments:
jvm_args: -Dallure.results.directory=/home/viewadmin/hello-selenium-java/build/allure-results -Dorg.gradle.native=false -Dselenide.browser=firefox -Dselenide.headless=true -javaagent:/home/viewadmin/.gradle/caches/modules-2/files-2.1/org.aspectj/aspectjweaver/1.8.10/e198c5fee28988c355f74e06461614eae36b2032/aspectjweaver-1.8.10.jar -Xmx512m -Dfile.encoding=UTF-8 -Duser.country=US -Duser.language=en -Duser.variant -ea 
java_command: worker.org.gradle.process.internal.worker.GradleWorkerMain 'Gradle Test Executor 26'
java_class_path (initial): /home/viewadmin/.gradle/caches/6.7.1/workerMain/gradle-worker.jar:/home/viewadmin/hello-selenium-java/build/classes/java/test:/home/viewadmin/hello-selenium-java/build/resources/test:/home/viewadmin/hello-selenium-java/build/classes/java/main:/home/viewadmin/hello-selenium-java/build/resources/main:/home/viewadmin/.gradle/caches/modules-2/files-2.1/io.qameta.allure/allure-selenide/2.13.7/e62113087253d86e67af7d634f313d1e381ceca6/allure-selenide-2.13.7.jar:/home/viewadmin/.gradle/caches/modules-2/files-2.1/com.codeborne/selenide/5.16.2/430e093b4e8bd4a990006d9d0ca2e5a490b5cf72/selenide-5.16.2.jar:/home/viewadmin/.gradle/caches/modules-2/files-2.1/io.qameta.allure/allure-junit5/2.13.7/6bedebf3320ed8d1906697e2fccd269c9a4187d0/allure-junit5-2.13.7.jar:/home/viewadmin/.gradle/caches/modules-2/files-2.1/org.hamcrest/hamcrest/2.2/1820c0968dba3a11a1b30669bb1f01978a91dedc/hamcrest-2.2.jar:/home/viewadmin/.gradle/caches/modules-2/files-2.1/org.slf4j/slf4j-simple/1.7.29/82ae07f95088577987a15d90171de12b00d81847/slf4j-simple-1.7.29.jar:/home/viewadmin/.gradle/caches/modules-2/files-2.1/io.qameta.allure/allure-junit-platform/2.13.7/76b7d4d4da3fa3db297a52cd482bfecbe7c884ea/allure-junit-platform-2.13.7.jar:/home/viewadmin/.gradle/caches/modules-2/files-2.1/org.junit.platform/junit-platform-launcher/1.7.0/cfd2d9c8b6ff9f3880faad828454cd0166bc12d7/junit-platform-launcher-1.7.0.jar:/home/viewadmin/.gradle/caches/modules-2/files-2.1/org.junit.platform/junit-platform-engine/1.7.0/eadb73c5074a4ac71061defd00fc176152a4d12c/junit-platform-engine-1.7.0.jar:/home/viewadmin/.gradle/caches/modules-2/files-2.1/org.junit.platform/junit-platform-commons/1.7.0/84e309fbf21d857aac079a3c1fffd84284e1114d/junit-platform-commons-1.7.0.jar:/home/viewadmin/.gradle/caches/modules-2/files-2.1/org.junit.jupiter/junit-jupiter-engine/5.7.0/d9044d6b45e2232ddd53fa56c15333e43d1749fd/junit-jupiter-engine-5.7.0.jar:/home/viewadmin/.gradle/caches/modules-2/files-2.1/org.junit.jupiter/junit-j
Launcher Type: SUN_STANDARD

[Global flags]
     intx CICompilerCount                          = 2                                         {product} {ergonomic}
     uint ConcGCThreads                            = 1                                         {product} {ergonomic}
     uint G1ConcRefinementThreads                  = 2                                         {product} {ergonomic}
   size_t G1HeapRegionSize                         = 1048576                                   {product} {ergonomic}
    uintx GCDrainStackTargetSize                   = 64                                        {product} {ergonomic}
   size_t InitialHeapSize                          = 264241152                                 {product} {ergonomic}
   size_t MarkStackSize                            = 4194304                                   {product} {ergonomic}
   size_t MaxHeapSize                              = 536870912                                 {product} {command line}
   size_t MinHeapDeltaBytes                        = 1048576                                   {product} {ergonomic}
    uintx NonNMethodCodeHeapSize                   = 5825164                                {pd product} {ergonomic}
    uintx NonProfiledCodeHeapSize                  = 122916538                              {pd product} {ergonomic}
    uintx ProfiledCodeHeapSize                     = 122916538                              {pd product} {ergonomic}
    uintx ReservedCodeCacheSize                    = 251658240                              {pd product} {ergonomic}
     bool SegmentedCodeCache                       = true                                      {product} {ergonomic}
     bool UseCompressedClassPointers               = true                                 {lp64_product} {ergonomic}
     bool UseCompressedOops                        = true                                 {lp64_product} {ergonomic}
     bool UseG1GC                                  = true                                      {product} {ergonomic}

Logging:
Log output configuration:
 #0: stdout all=warning uptime,level,tags
 #1: stderr all=off uptime,level,tags

Environment Variables:
PATH=/home/viewadmin/.nodenv/shims:/home/viewadmin/.nodenv/bin:/home/viewadmin/bin:/home/viewadmin/.local/bin:/opt/gradle-6.7.1/bin:/usr/local/sbin:/usr/local/bin:/usr/sbin:/usr/bin:/sbin:/bin:/usr/games:/usr/local/games:/snap/bin
USERNAME=viewadmin
SHELL=/bin/bash
DISPLAY=:100
LANG=en_US.UTF-8

Signal Handlers:
SIGSEGV: [libjvm.so+0xeeaf50], sa_mask[0]=11111111011111111101111111111110, sa_flags=SA_RESTART|SA_SIGINFO
SIGBUS: [libjvm.so+0xeeaf50], sa_mask[0]=11111111011111111101111111111110, sa_flags=SA_RESTART|SA_SIGINFO
SIGFPE: [libjvm.so+0xeeaf50], sa_mask[0]=11111111011111111101111111111110, sa_flags=SA_RESTART|SA_SIGINFO
SIGPIPE: [libjvm.so+0xc0ee30], sa_mask[0]=11111111011111111101111111111110, sa_flags=SA_RESTART|SA_SIGINFO
SIGXFSZ: [libjvm.so+0xc0ee30], sa_mask[0]=11111111011111111101111111111110, sa_flags=SA_RESTART|SA_SIGINFO
SIGILL: [libjvm.so+0xeeaf50], sa_mask[0]=11111111011111111101111111111110, sa_flags=SA_RESTART|SA_SIGINFO
SIGUSR2: [libjvm.so+0xc0ecd0], sa_mask[0]=00100000000000000000000000000000, sa_flags=SA_RESTART|SA_SIGINFO
SIGHUP: SIG_DFL, sa_mask[0]=00000000000000000000000000000000, sa_flags=none
SIGINT: SIG_DFL, sa_mask[0]=00000000000000000000000000000000, sa_flags=none
SIGTERM: SIG_DFL, sa_mask[0]=00000000000000000000000000000000, sa_flags=none
SIGQUIT: SIG_DFL, sa_mask[0]=00000000000000000000000000000000, sa_flags=none


---------------  S Y S T E M  ---------------

OS:DISTRIB_ID=Ubuntu
DISTRIB_RELEASE=18.04
DISTRIB_CODENAME=bionic
DISTRIB_DESCRIPTION="Ubuntu 18.04.5 LTS"
uname:Linux 4.15.0-132-generic #136-Ubuntu SMP Tue Jan 12 14:58:42 UTC 2021 x86_64
OS uptime: 8 days 4:34 hours
libc:glibc 2.27 NPTL 2.27 
rlimit (soft/hard): STACK 8192k/infinity , CORE 0k/infinity , NPROC 63885/63885 , NOFILE 4096/4096 , AS infinity/infinity , CPU infinity/infinity , DATA infinity/infinity , FSIZE infinity/infinity , MEMLOCK 65536k/65536k
load average:50.50 37.10 22.89

/proc/meminfo:
MemTotal:       16402112 kB
MemFree:          157292 kB
MemAvailable:     112924 kB
Buffers:            2672 kB
Cached:           420316 kB
SwapCached:            0 kB
Active:         15106868 kB
Inactive:         366604 kB
Active(anon):   15064148 kB
Inactive(anon):   297308 kB
Active(file):      42720 kB
Inactive(file):    69296 kB
Unevictable:          32 kB
Mlocked:              32 kB
SwapTotal:             0 kB
SwapFree:              0 kB
Dirty:               100 kB
Writeback:             0 kB
AnonPages:      15050640 kB
Mapped:           395200 kB
Shmem:            310996 kB
Slab:             375904 kB
SReclaimable:     137504 kB
SUnreclaim:       238400 kB
KernelStack:       80256 kB
PageTables:       124388 kB
NFS_Unstable:          0 kB
Bounce:                0 kB
WritebackTmp:          0 kB
CommitLimit:     8201056 kB
Committed_AS:   28999148 kB
VmallocTotal:   34359738367 kB
VmallocUsed:           0 kB
VmallocChunk:          0 kB
HardwareCorrupted:     0 kB
AnonHugePages:      4096 kB
ShmemHugePages:        0 kB
ShmemPmdMapped:        0 kB
CmaTotal:              0 kB
CmaFree:               0 kB
HugePages_Total:       0
HugePages_Free:        0
HugePages_Rsvd:        0
HugePages_Surp:        0
Hugepagesize:       2048 kB
DirectMap4k:     1556288 kB
DirectMap2M:    15220736 kB

/sys/kernel/mm/transparent_hugepage/enabled:
always [madvise] never
/sys/kernel/mm/transparent_hugepage/defrag (defrag/compaction efforts parameter):
always defer defer+madvise [madvise] never

/proc/sys/kernel/threads-max (system-wide limit on the number of threads):
127770
/proc/sys/vm/max_map_count (maximum number of memory map areas a process may have):
65530
/proc/sys/kernel/pid_max (system-wide limit on number of process identifiers):
131072

container (cgroup) information:
container_type: cgroupv1
cpu_cpuset_cpus: 0-1
cpu_memory_nodes: 0
active_processor_count: 2
cpu_quota: -1
cpu_period: 100000
cpu_shares: -1
memory_limit_in_bytes: -1
memory_and_swap_limit_in_bytes: -2
memory_soft_limit_in_bytes: -1
memory_usage_in_bytes: 8674590720
memory_max_usage_in_bytes: 12138598400

VMWare virtualization detected
Steal ticks since vm start: 0
Steal ticks percentage since vm start:  0.000

CPU:total 2 (initial active 2) (1 cores per cpu, 1 threads per core) family 6 model 45 stepping 2, cmov, cx8, fxsr, mmx, sse, sse2, sse3, ssse3, sse4.1, sse4.2, popcnt, avx, aes, clmul, tsc, tscinvbit, tscinv
CPU Model and flags from /proc/cpuinfo:
model name	: Intel(R) Xeon(R) CPU E5-2620 v3 @ 2.40GHz
flags		: fpu vme de pse tsc msr pae mce cx8 apic sep mtrr pge mca cmov pat pse36 clflush mmx fxsr sse sse2 ss syscall nx rdtscp lm constant_tsc arch_perfmon nopl xtopology tsc_reliable nonstop_tsc cpuid pni pclmulqdq ssse3 cx16 pcid sse4_1 sse4_2 x2apic popcnt tsc_deadline_timer aes xsave avx hypervisor lahf_lm pti ssbd ibrs ibpb stibp tsc_adjust arat flush_l1d arch_capabilities
Online cpus:
0-1
Offline cpus:
2-127
BIOS frequency limitation:
<Not Available>
Frequency switch latency (ns):
<Not Available>
Available cpu frequencies:
<Not Available>
Current governor:
<Not Available>
Core performance/turbo boost:
<Not Available>

Memory: 4k page, physical 16402112k(154812k free), swap 0k(0k free)

vm_info: OpenJDK 64-Bit Server VM (11.0.9.1+1-Ubuntu-0ubuntu1.18.04) for linux-amd64 JRE (11.0.9.1+1-Ubuntu-0ubuntu1.18.04), built on Nov 10 2020 04:18:42 by "unknown" with gcc 7.5.0

END.
