#
# There is insufficient memory for the Java Runtime Environment to continue.
# Native memory allocation (mmap) failed to map 264241152 bytes for committing reserved memory.
# Possible reasons:
#   The system is out of physical RAM or swap space
#   The process is running with CompressedOops enabled, and the Java Heap may be blocking the growth of the native heap
# Possible solutions:
#   Reduce memory load on the system
#   Increase physical memory or swap space
#   Check if swap backing store is full
#   Decrease Java heap size (-Xmx/-Xms)
#   Decrease number of Java threads
#   Decrease Java thread stack sizes (-Xss)
#   Set larger code cache with -XX:ReservedCodeCacheSize=
# This output file may be truncated or incomplete.
#
#  Out of Memory Error (os_linux.cpp:2922), pid=59677, tid=59680
#
# JRE version:  (11.0.9.1+1) (build )
# Java VM: OpenJDK 64-Bit Server VM (11.0.9.1+1-Ubuntu-0ubuntu1.18.04, mixed mode, sharing, tiered, compressed oops, g1 gc, linux-amd64)
# Core dump will be written. Default location: Core dumps may be processed with "/usr/share/apport/apport %p %s %c %d %P %E" (or dumping to /home/viewadmin/hello-selenium-java/core.59677)
#

---------------  S U M M A R Y ------------

Command Line: -Dallure.results.directory=/home/viewadmin/hello-selenium-java/build/allure-results -Dorg.gradle.native=false -Dselenide.browser=firefox -Dselenide.headless=true -javaagent:/home/viewadmin/.gradle/caches/modules-2/files-2.1/org.aspectj/aspectjweaver/1.8.10/e198c5fee28988c355f74e06461614eae36b2032/aspectjweaver-1.8.10.jar -Xmx512m -Dfile.encoding=UTF-8 -Duser.country=US -Duser.language=en -Duser.variant -ea worker.org.gradle.process.internal.worker.GradleWorkerMain 'Gradle Test Executor 19'

Host: Intel(R) Xeon(R) CPU E5-2620 v3 @ 2.40GHz, 2 cores, 15G, Ubuntu 18.04.5 LTS
Time: Fri Feb  5 13:16:18 2021 CET elapsed time: 7.406034 seconds (0d 0h 0m 7s)

---------------  T H R E A D  ---------------

Current thread (0x00007f686c01a800):  JavaThread "Unknown thread" [_thread_in_vm, id=59680, stack(0x00007f68762cd000,0x00007f68763ce000)]

Stack: [0x00007f68762cd000,0x00007f68763ce000],  sp=0x00007f68763cc220,  free space=1020k
Native frames: (J=compiled Java code, A=aot compiled Java code, j=interpreted, Vv=VM code, C=native code)
V  [libjvm.so+0xee9509]
V  [libjvm.so+0xeea19b]
V  [libjvm.so+0x681a15]
V  [libjvm.so+0xc13ae8]
V  [libjvm.so+0xc0a59d]
V  [libjvm.so+0x7a0b4f]
V  [libjvm.so+0x7a0dbe]
V  [libjvm.so+0x7acf70]
V  [libjvm.so+0x8293f9]
V  [libjvm.so+0x82a052]
V  [libjvm.so+0x82a4b9]
V  [libjvm.so+0x75e5df]
V  [libjvm.so+0x75eccd]
V  [libjvm.so+0xea4232]
V  [libjvm.so+0xea44e6]
V  [libjvm.so+0x84cd87]
V  [libjvm.so+0xe7b90f]
V  [libjvm.so+0x9050c1]  JNI_CreateJavaVM+0x51
C  [libjli.so+0x4c5f]
C  [libjli.so+0x949d]


---------------  P R O C E S S  ---------------

Threads class SMR info:
_java_thread_list=0x0000564b94bbd6e0, length=0, elements={
}

Java Threads: ( => current thread )

Other Threads:
  0x00007f686c033000 GCTaskThread "GC Thread#0" [stack: 0x00007f6871f8d000,0x00007f687208d000] [id=59693]
  0x00007f686c043800 ConcurrentGCThread "G1 Main Marker" [stack: 0x00007f6870989000,0x00007f6870a89000] [id=59694]
  0x00007f686c045800 ConcurrentGCThread "G1 Conc#0" [stack: 0x00007f6870887000,0x00007f6870987000] [id=59695]

[error occurred during error reporting (printing all threads), id 0xb, SIGSEGV (0xb) at pc=0x00007f68747b7a20]

VM state:not at safepoint (not fully initialized)

VM Mutex/Monitor currently owned by a thread:  ([mutex/lock_event])
[0x00007f686c017330] Heap_lock - owner thread: 0x00007f686c01a800

Heap address: 0x00000000e0000000, size: 512 MB, Compressed Oops mode: Non-zero based: 0x00000000e0000000
Narrow klass base: 0x0000000000000000, Narrow klass shift: 0

GC Heap History (0 events):
No events

Deoptimization events (0 events):
No events

Classes redefined (0 events):
No events

Internal exceptions (0 events):
No events

Events (2 events):
Event: 4.145 Protecting memory [0x00007f68762cd000,0x00007f68762d1000] with protection modes 0
Event: 4.194 Loaded shared library /usr/lib/jvm/java-11-openjdk-amd64/lib/libzip.so


Dynamic libraries:
efc00000-100000000 ---p 00000000 00:00 0 
564b9476d000-564b9476e000 r-xp 00000000 08:01 818312                     /usr/lib/jvm/java-11-openjdk-amd64/bin/java
564b9496e000-564b9496f000 r--p 00001000 08:01 818312                     /usr/lib/jvm/java-11-openjdk-amd64/bin/java
564b9496f000-564b94970000 rw-p 00002000 08:01 818312                     /usr/lib/jvm/java-11-openjdk-amd64/bin/java
564b94ba3000-564b94bc4000 rw-p 00000000 00:00 0                          [heap]
7f6846000000-7f6848000000 rw-p 00000000 00:00 0 
7f6848000000-7f6848021000 rw-p 00000000 00:00 0 
7f6848021000-7f684c000000 ---p 00000000 00:00 0 
7f684c000000-7f684c021000 rw-p 00000000 00:00 0 
7f684c021000-7f6850000000 ---p 00000000 00:00 0 
7f6850000000-7f6850021000 rw-p 00000000 00:00 0 
7f6850021000-7f6854000000 ---p 00000000 00:00 0 
7f6854899000-7f6854b09000 rwxp 00000000 00:00 0 
7f6854b09000-7f6854e28000 ---p 00000000 00:00 0 
7f6854e28000-7f6855098000 rwxp 00000000 00:00 0 
7f6855098000-7f685c360000 ---p 00000000 00:00 0 
7f685c360000-7f685c5d0000 rwxp 00000000 00:00 0 
7f685c5d0000-7f6863899000 ---p 00000000 00:00 0 
7f6863899000-7f686c000000 r--s 00000000 08:01 818394                     /usr/lib/jvm/java-11-openjdk-amd64/lib/modules
7f686c000000-7f686c058000 rw-p 00000000 00:00 0 
7f686c058000-7f6870000000 ---p 00000000 00:00 0 
7f6870683000-7f6870885000 rw-p 00000000 00:00 0 
7f6870885000-7f6870886000 ---p 00000000 00:00 0 
7f6870886000-7f6870987000 rw-p 00000000 00:00 0 
7f6870987000-7f6870988000 ---p 00000000 00:00 0 
7f6870988000-7f6870a89000 rw-p 00000000 00:00 0 
7f6870a89000-7f6871d89000 ---p 00000000 00:00 0 
7f6871d89000-7f6871f8b000 rw-p 00000000 00:00 0 
7f6871f8b000-7f6871f8c000 ---p 00000000 00:00 0 
7f6871f8c000-7f6872092000 rw-p 00000000 00:00 0 
7f6872092000-7f6872178000 ---p 00000000 00:00 0 
7f6872178000-7f687217d000 rw-p 00000000 00:00 0 
7f687217d000-7f6872263000 ---p 00000000 00:00 0 
7f6872263000-7f687226a000 r-xp 00000000 08:01 818393                     /usr/lib/jvm/java-11-openjdk-amd64/lib/libzip.so
7f687226a000-7f6872469000 ---p 00007000 08:01 818393                     /usr/lib/jvm/java-11-openjdk-amd64/lib/libzip.so
7f6872469000-7f687246a000 r--p 00006000 08:01 818393                     /usr/lib/jvm/java-11-openjdk-amd64/lib/libzip.so
7f687246a000-7f687246b000 rw-p 00007000 08:01 818393                     /usr/lib/jvm/java-11-openjdk-amd64/lib/libzip.so
7f687246b000-7f6872476000 r-xp 00000000 08:01 660751                     /lib/x86_64-linux-gnu/libnss_files-2.27.so
7f6872476000-7f6872675000 ---p 0000b000 08:01 660751                     /lib/x86_64-linux-gnu/libnss_files-2.27.so
7f6872675000-7f6872676000 r--p 0000a000 08:01 660751                     /lib/x86_64-linux-gnu/libnss_files-2.27.so
7f6872676000-7f6872677000 rw-p 0000b000 08:01 660751                     /lib/x86_64-linux-gnu/libnss_files-2.27.so
7f6872677000-7f687267d000 rw-p 00000000 00:00 0 
7f687267d000-7f6872694000 r-xp 00000000 08:01 660747                     /lib/x86_64-linux-gnu/libnsl-2.27.so
7f6872694000-7f6872893000 ---p 00017000 08:01 660747                     /lib/x86_64-linux-gnu/libnsl-2.27.so
7f6872893000-7f6872894000 r--p 00016000 08:01 660747                     /lib/x86_64-linux-gnu/libnsl-2.27.so
7f6872894000-7f6872895000 rw-p 00017000 08:01 660747                     /lib/x86_64-linux-gnu/libnsl-2.27.so
7f6872895000-7f6872897000 rw-p 00000000 00:00 0 
7f6872897000-7f68728a2000 r-xp 00000000 08:01 660753                     /lib/x86_64-linux-gnu/libnss_nis-2.27.so
7f68728a2000-7f6872aa1000 ---p 0000b000 08:01 660753                     /lib/x86_64-linux-gnu/libnss_nis-2.27.so
7f6872aa1000-7f6872aa2000 r--p 0000a000 08:01 660753                     /lib/x86_64-linux-gnu/libnss_nis-2.27.so
7f6872aa2000-7f6872aa3000 rw-p 0000b000 08:01 660753                     /lib/x86_64-linux-gnu/libnss_nis-2.27.so
7f6872aa3000-7f6872aab000 r-xp 00000000 08:01 660749                     /lib/x86_64-linux-gnu/libnss_compat-2.27.so
7f6872aab000-7f6872cab000 ---p 00008000 08:01 660749                     /lib/x86_64-linux-gnu/libnss_compat-2.27.so
7f6872cab000-7f6872cac000 r--p 00008000 08:01 660749                     /lib/x86_64-linux-gnu/libnss_compat-2.27.so
7f6872cac000-7f6872cad000 rw-p 00009000 08:01 660749                     /lib/x86_64-linux-gnu/libnss_compat-2.27.so
7f6872cad000-7f6872cb7000 r-xp 00000000 08:01 818367                     /usr/lib/jvm/java-11-openjdk-amd64/lib/libinstrument.so
7f6872cb7000-7f6872eb6000 ---p 0000a000 08:01 818367                     /usr/lib/jvm/java-11-openjdk-amd64/lib/libinstrument.so
7f6872eb6000-7f6872eb7000 r--p 00009000 08:01 818367                     /usr/lib/jvm/java-11-openjdk-amd64/lib/libinstrument.so
7f6872eb7000-7f6872eb8000 rw-p 0000a000 08:01 818367                     /usr/lib/jvm/java-11-openjdk-amd64/lib/libinstrument.so
7f6872eb8000-7f6872ebd000 r-xp 00000000 08:01 818376                     /usr/lib/jvm/java-11-openjdk-amd64/lib/libjimage.so
7f6872ebd000-7f68730bc000 ---p 00005000 08:01 818376                     /usr/lib/jvm/java-11-openjdk-amd64/lib/libjimage.so
7f68730bc000-7f68730bd000 r--p 00004000 08:01 818376                     /usr/lib/jvm/java-11-openjdk-amd64/lib/libjimage.so
7f68730bd000-7f68730be000 rw-p 00005000 08:01 818376                     /usr/lib/jvm/java-11-openjdk-amd64/lib/libjimage.so
7f68730be000-7f68730e7000 r-xp 00000000 08:01 818372                     /usr/lib/jvm/java-11-openjdk-amd64/lib/libjava.so
7f68730e7000-7f68732e7000 ---p 00029000 08:01 818372                     /usr/lib/jvm/java-11-openjdk-amd64/lib/libjava.so
7f68732e7000-7f68732e8000 r--p 00029000 08:01 818372                     /usr/lib/jvm/java-11-openjdk-amd64/lib/libjava.so
7f68732e8000-7f68732e9000 rw-p 0002a000 08:01 818372                     /usr/lib/jvm/java-11-openjdk-amd64/lib/libjava.so
7f68732e9000-7f68732ea000 rw-p 00000000 00:00 0 
7f68732ea000-7f68732f7000 r-xp 00000000 08:01 818392                     /usr/lib/jvm/java-11-openjdk-amd64/lib/libverify.so
7f68732f7000-7f68734f6000 ---p 0000d000 08:01 818392                     /usr/lib/jvm/java-11-openjdk-amd64/lib/libverify.so
7f68734f6000-7f68734f8000 r--p 0000c000 08:01 818392                     /usr/lib/jvm/java-11-openjdk-amd64/lib/libverify.so
7f68734f8000-7f68734f9000 rw-p 0000e000 08:01 818392                     /usr/lib/jvm/java-11-openjdk-amd64/lib/libverify.so
7f68734f9000-7f6873500000 r-xp 00000000 08:01 660758                     /lib/x86_64-linux-gnu/librt-2.27.so
7f6873500000-7f68736ff000 ---p 00007000 08:01 660758                     /lib/x86_64-linux-gnu/librt-2.27.so
7f68736ff000-7f6873700000 r--p 00006000 08:01 660758                     /lib/x86_64-linux-gnu/librt-2.27.so
7f6873700000-7f6873701000 rw-p 00007000 08:01 660758                     /lib/x86_64-linux-gnu/librt-2.27.so
7f6873701000-7f6873718000 r-xp 00000000 08:01 655902                     /lib/x86_64-linux-gnu/libgcc_s.so.1
7f6873718000-7f6873917000 ---p 00017000 08:01 655902                     /lib/x86_64-linux-gnu/libgcc_s.so.1
7f6873917000-7f6873918000 r--p 00016000 08:01 655902                     /lib/x86_64-linux-gnu/libgcc_s.so.1
7f6873918000-7f6873919000 rw-p 00017000 08:01 655902                     /lib/x86_64-linux-gnu/libgcc_s.so.1
7f6873919000-7f6873ab6000 r-xp 00000000 08:01 660744                     /lib/x86_64-linux-gnu/libm-2.27.so
7f6873ab6000-7f6873cb5000 ---p 0019d000 08:01 660744                     /lib/x86_64-linux-gnu/libm-2.27.so
7f6873cb5000-7f6873cb6000 r--p 0019c000 08:01 660744                     /lib/x86_64-linux-gnu/libm-2.27.so
7f6873cb6000-7f6873cb7000 rw-p 0019d000 08:01 660744                     /lib/x86_64-linux-gnu/libm-2.27.so
7f6873cb7000-7f6873e30000 r-xp 00000000 08:01 787635                     /usr/lib/x86_64-linux-gnu/libstdc++.so.6.0.25
7f6873e30000-7f6874030000 ---p 00179000 08:01 787635                     /usr/lib/x86_64-linux-gnu/libstdc++.so.6.0.25
7f6874030000-7f687403a000 r--p 00179000 08:01 787635                     /usr/lib/x86_64-linux-gnu/libstdc++.so.6.0.25
7f687403a000-7f687403c000 rw-p 00183000 08:01 787635                     /usr/lib/x86_64-linux-gnu/libstdc++.so.6.0.25
7f687403c000-7f6874040000 rw-p 00000000 00:00 0 
7f6874040000-7f6875231000 r-xp 00000000 08:01 818397                     /usr/lib/jvm/java-11-openjdk-amd64/lib/server/libjvm.so
7f6875231000-7f6875430000 ---p 011f1000 08:01 818397                     /usr/lib/jvm/java-11-openjdk-amd64/lib/server/libjvm.so
7f6875430000-7f68754f1000 r--p 011f0000 08:01 818397                     /usr/lib/jvm/java-11-openjdk-amd64/lib/server/libjvm.so
7f68754f1000-7f687552c000 rw-p 012b1000 08:01 818397                     /usr/lib/jvm/java-11-openjdk-amd64/lib/server/libjvm.so
7f687552c000-7f6875583000 rw-p 00000000 00:00 0 
7f6875583000-7f687559d000 r-xp 00000000 08:01 660756                     /lib/x86_64-linux-gnu/libpthread-2.27.so
7f687559d000-7f687579c000 ---p 0001a000 08:01 660756                     /lib/x86_64-linux-gnu/libpthread-2.27.so
7f687579c000-7f687579d000 r--p 00019000 08:01 660756                     /lib/x86_64-linux-gnu/libpthread-2.27.so
7f687579d000-7f687579e000 rw-p 0001a000 08:01 660756                     /lib/x86_64-linux-gnu/libpthread-2.27.so
7f687579e000-7f68757a2000 rw-p 00000000 00:00 0 
7f68757a2000-7f68757a5000 r-xp 00000000 08:01 660687                     /lib/x86_64-linux-gnu/libdl-2.27.so
7f68757a5000-7f68759a4000 ---p 00003000 08:01 660687                     /lib/x86_64-linux-gnu/libdl-2.27.so
7f68759a4000-7f68759a5000 r--p 00002000 08:01 660687                     /lib/x86_64-linux-gnu/libdl-2.27.so
7f68759a5000-7f68759a6000 rw-p 00003000 08:01 660687                     /lib/x86_64-linux-gnu/libdl-2.27.so
7f68759a6000-7f68759c2000 r-xp 00000000 08:01 655385                     /lib/x86_64-linux-gnu/libz.so.1.2.11
7f68759c2000-7f6875bc1000 ---p 0001c000 08:01 655385                     /lib/x86_64-linux-gnu/libz.so.1.2.11
7f6875bc1000-7f6875bc2000 r--p 0001b000 08:01 655385                     /lib/x86_64-linux-gnu/libz.so.1.2.11
7f6875bc2000-7f6875bc3000 rw-p 0001c000 08:01 655385                     /lib/x86_64-linux-gnu/libz.so.1.2.11
7f6875bc3000-7f6875daa000 r-xp 00000000 08:01 660683                     /lib/x86_64-linux-gnu/libc-2.27.so
7f6875daa000-7f6875faa000 ---p 001e7000 08:01 660683                     /lib/x86_64-linux-gnu/libc-2.27.so
7f6875faa000-7f6875fae000 r--p 001e7000 08:01 660683                     /lib/x86_64-linux-gnu/libc-2.27.so
7f6875fae000-7f6875fb0000 rw-p 001eb000 08:01 660683                     /lib/x86_64-linux-gnu/libc-2.27.so
7f6875fb0000-7f6875fb4000 rw-p 00000000 00:00 0 
7f6875fb4000-7f6875fc4000 r-xp 00000000 08:01 818356                     /usr/lib/jvm/java-11-openjdk-amd64/lib/jli/libjli.so
7f6875fc4000-7f68761c3000 ---p 00010000 08:01 818356                     /usr/lib/jvm/java-11-openjdk-amd64/lib/jli/libjli.so
7f68761c3000-7f68761c4000 r--p 0000f000 08:01 818356                     /usr/lib/jvm/java-11-openjdk-amd64/lib/jli/libjli.so
7f68761c4000-7f68761c5000 rw-p 00010000 08:01 818356                     /usr/lib/jvm/java-11-openjdk-amd64/lib/jli/libjli.so
7f68761c5000-7f68761ee000 r-xp 00000000 08:01 660679                     /lib/x86_64-linux-gnu/ld-2.27.so
7f68762bb000-7f68762cd000 rw-p 00000000 00:00 0 
7f68762cd000-7f68762d1000 ---p 00000000 00:00 0 
7f68762d1000-7f68763d0000 rw-p 00000000 00:00 0 
7f68763d4000-7f68763d9000 rw-p 00000000 00:00 0 
7f68763d9000-7f68763e0000 ---p 00000000 00:00 0 
7f68763e0000-7f68763e2000 r--s 00007000 08:01 281012                     /usr/share/java/java-atk-wrapper.jar
7f68763e2000-7f68763ea000 rw-s 00000000 08:01 1483214                    /tmp/hsperfdata_viewadmin/59677
7f68763ea000-7f68763eb000 ---p 00000000 00:00 0 
7f68763eb000-7f68763ec000 r--p 00000000 00:00 0 
7f68763ec000-7f68763ee000 rw-p 00000000 00:00 0 
7f68763ee000-7f68763ef000 r--p 00029000 08:01 660679                     /lib/x86_64-linux-gnu/ld-2.27.so
7f68763ef000-7f68763f0000 rw-p 0002a000 08:01 660679                     /lib/x86_64-linux-gnu/ld-2.27.so
7f68763f0000-7f68763f1000 rw-p 00000000 00:00 0 
7ffc6aba7000-7ffc6abc8000 rw-p 00000000 00:00 0                          [stack]
7ffc6abfb000-7ffc6abfe000 r--p 00000000 00:00 0                          [vvar]
7ffc6abfe000-7ffc6ac00000 r-xp 00000000 00:00 0                          [vdso]
ffffffffff600000-ffffffffff601000 r-xp 00000000 00:00 0                  [vsyscall]


VM Arguments:
jvm_args: -Dallure.results.directory=/home/viewadmin/hello-selenium-java/build/allure-results -Dorg.gradle.native=false -Dselenide.browser=firefox -Dselenide.headless=true -javaagent:/home/viewadmin/.gradle/caches/modules-2/files-2.1/org.aspectj/aspectjweaver/1.8.10/e198c5fee28988c355f74e06461614eae36b2032/aspectjweaver-1.8.10.jar -Xmx512m -Dfile.encoding=UTF-8 -Duser.country=US -Duser.language=en -Duser.variant -ea 
java_command: worker.org.gradle.process.internal.worker.GradleWorkerMain 'Gradle Test Executor 19'
java_class_path (initial): /home/viewadmin/.gradle/caches/6.7.1/workerMain/gradle-worker.jar:/home/viewadmin/hello-selenium-java/build/classes/java/test:/home/viewadmin/hello-selenium-java/build/resources/test:/home/viewadmin/hello-selenium-java/build/classes/java/main:/home/viewadmin/hello-selenium-java/build/resources/main:/home/viewadmin/.gradle/caches/modules-2/files-2.1/io.qameta.allure/allure-selenide/2.13.7/e62113087253d86e67af7d634f313d1e381ceca6/allure-selenide-2.13.7.jar:/home/viewadmin/.gradle/caches/modules-2/files-2.1/com.codeborne/selenide/5.16.2/430e093b4e8bd4a990006d9d0ca2e5a490b5cf72/selenide-5.16.2.jar:/home/viewadmin/.gradle/caches/modules-2/files-2.1/io.qameta.allure/allure-junit5/2.13.7/6bedebf3320ed8d1906697e2fccd269c9a4187d0/allure-junit5-2.13.7.jar:/home/viewadmin/.gradle/caches/modules-2/files-2.1/org.hamcrest/hamcrest/2.2/1820c0968dba3a11a1b30669bb1f01978a91dedc/hamcrest-2.2.jar:/home/viewadmin/.gradle/caches/modules-2/files-2.1/org.slf4j/slf4j-simple/1.7.29/82ae07f95088577987a15d90171de12b00d81847/slf4j-simple-1.7.29.jar:/home/viewadmin/.gradle/caches/modules-2/files-2.1/io.qameta.allure/allure-junit-platform/2.13.7/76b7d4d4da3fa3db297a52cd482bfecbe7c884ea/allure-junit-platform-2.13.7.jar:/home/viewadmin/.gradle/caches/modules-2/files-2.1/org.junit.platform/junit-platform-launcher/1.7.0/cfd2d9c8b6ff9f3880faad828454cd0166bc12d7/junit-platform-launcher-1.7.0.jar:/home/viewadmin/.gradle/caches/modules-2/files-2.1/org.junit.platform/junit-platform-engine/1.7.0/eadb73c5074a4ac71061defd00fc176152a4d12c/junit-platform-engine-1.7.0.jar:/home/viewadmin/.gradle/caches/modules-2/files-2.1/org.junit.platform/junit-platform-commons/1.7.0/84e309fbf21d857aac079a3c1fffd84284e1114d/junit-platform-commons-1.7.0.jar:/home/viewadmin/.gradle/caches/modules-2/files-2.1/org.junit.jupiter/junit-jupiter-engine/5.7.0/d9044d6b45e2232ddd53fa56c15333e43d1749fd/junit-jupiter-engine-5.7.0.jar:/home/viewadmin/.gradle/caches/modules-2/files-2.1/org.junit.jupiter/junit-j
Launcher Type: SUN_STANDARD

[Global flags]
     intx CICompilerCount                          = 2                                         {product} {ergonomic}
     uint ConcGCThreads                            = 1                                         {product} {ergonomic}
     uint G1ConcRefinementThreads                  = 2                                         {product} {ergonomic}
   size_t G1HeapRegionSize                         = 1048576                                   {product} {ergonomic}
    uintx GCDrainStackTargetSize                   = 64                                        {product} {ergonomic}
   size_t InitialHeapSize                          = 264241152                                 {product} {ergonomic}
   size_t MarkStackSize                            = 4194304                                   {product} {ergonomic}
   size_t MaxHeapSize                              = 536870912                                 {product} {command line}
   size_t MinHeapDeltaBytes                        = 1048576                                   {product} {ergonomic}
    uintx NonNMethodCodeHeapSize                   = 5825164                                {pd product} {ergonomic}
    uintx NonProfiledCodeHeapSize                  = 122916538                              {pd product} {ergonomic}
    uintx ProfiledCodeHeapSize                     = 122916538                              {pd product} {ergonomic}
    uintx ReservedCodeCacheSize                    = 251658240                              {pd product} {ergonomic}
     bool SegmentedCodeCache                       = true                                      {product} {ergonomic}
     bool UseCompressedClassPointers               = true                                 {lp64_product} {ergonomic}
     bool UseCompressedOops                        = true                                 {lp64_product} {ergonomic}
     bool UseG1GC                                  = true                                      {product} {ergonomic}

Logging:
Log output configuration:
 #0: stdout all=warning uptime,level,tags
 #1: stderr all=off uptime,level,tags

Environment Variables:
PATH=/home/viewadmin/.nodenv/shims:/home/viewadmin/.nodenv/bin:/home/viewadmin/bin:/home/viewadmin/.local/bin:/opt/gradle-6.7.1/bin:/usr/local/sbin:/usr/local/bin:/usr/sbin:/usr/bin:/sbin:/bin:/usr/games:/usr/local/games:/snap/bin
USERNAME=viewadmin
SHELL=/bin/bash
DISPLAY=:100
LANG=en_US.UTF-8

Signal Handlers:
SIGSEGV: [libjvm.so+0xeeaf50], sa_mask[0]=11111111011111111101111111111110, sa_flags=SA_RESTART|SA_SIGINFO
SIGBUS: [libjvm.so+0xeeaf50], sa_mask[0]=11111111011111111101111111111110, sa_flags=SA_RESTART|SA_SIGINFO
SIGFPE: [libjvm.so+0xeeaf50], sa_mask[0]=11111111011111111101111111111110, sa_flags=SA_RESTART|SA_SIGINFO
SIGPIPE: [libjvm.so+0xc0ee30], sa_mask[0]=11111111011111111101111111111110, sa_flags=SA_RESTART|SA_SIGINFO
SIGXFSZ: [libjvm.so+0xc0ee30], sa_mask[0]=11111111011111111101111111111110, sa_flags=SA_RESTART|SA_SIGINFO
SIGILL: [libjvm.so+0xeeaf50], sa_mask[0]=11111111011111111101111111111110, sa_flags=SA_RESTART|SA_SIGINFO
SIGUSR2: [libjvm.so+0xc0ecd0], sa_mask[0]=00100000000000000000000000000000, sa_flags=SA_RESTART|SA_SIGINFO
SIGHUP: SIG_DFL, sa_mask[0]=00000000000000000000000000000000, sa_flags=none
SIGINT: SIG_DFL, sa_mask[0]=00000000000000000000000000000000, sa_flags=none
SIGTERM: SIG_DFL, sa_mask[0]=00000000000000000000000000000000, sa_flags=none
SIGQUIT: SIG_DFL, sa_mask[0]=00000000000000000000000000000000, sa_flags=none


---------------  S Y S T E M  ---------------

OS:DISTRIB_ID=Ubuntu
DISTRIB_RELEASE=18.04
DISTRIB_CODENAME=bionic
DISTRIB_DESCRIPTION="Ubuntu 18.04.5 LTS"
uname:Linux 4.15.0-132-generic #136-Ubuntu SMP Tue Jan 12 14:58:42 UTC 2021 x86_64
OS uptime: 8 days 4:28 hours
libc:glibc 2.27 NPTL 2.27 
rlimit (soft/hard): STACK 8192k/infinity , CORE 0k/infinity , NPROC 63885/63885 , NOFILE 4096/4096 , AS infinity/infinity , CPU infinity/infinity , DATA infinity/infinity , FSIZE infinity/infinity , MEMLOCK 65536k/65536k
load average:14.70 10.49 11.01

/proc/meminfo:
MemTotal:       16402112 kB
MemFree:          170700 kB
MemAvailable:     117064 kB
Buffers:            2344 kB
Cached:           381600 kB
SwapCached:            0 kB
Active:         15128440 kB
Inactive:         331336 kB
Active(anon):   15089624 kB
Inactive(anon):   277840 kB
Active(file):      38816 kB
Inactive(file):    53496 kB
Unevictable:          32 kB
Mlocked:              32 kB
SwapTotal:             0 kB
SwapFree:              0 kB
Dirty:               352 kB
Writeback:             0 kB
AnonPages:      15075976 kB
Mapped:           362064 kB
Shmem:            291520 kB
Slab:             377068 kB
SReclaimable:     138668 kB
SUnreclaim:       238400 kB
KernelStack:       80192 kB
PageTables:       124308 kB
NFS_Unstable:          0 kB
Bounce:                0 kB
WritebackTmp:          0 kB
CommitLimit:     8201056 kB
Committed_AS:   29047024 kB
VmallocTotal:   34359738367 kB
VmallocUsed:           0 kB
VmallocChunk:          0 kB
HardwareCorrupted:     0 kB
AnonHugePages:      4096 kB
ShmemHugePages:        0 kB
ShmemPmdMapped:        0 kB
CmaTotal:              0 kB
CmaFree:               0 kB
HugePages_Total:       0
HugePages_Free:        0
HugePages_Rsvd:        0
HugePages_Surp:        0
Hugepagesize:       2048 kB
DirectMap4k:     1556288 kB
DirectMap2M:    15220736 kB

/sys/kernel/mm/transparent_hugepage/enabled:
always [madvise] never
/sys/kernel/mm/transparent_hugepage/defrag (defrag/compaction efforts parameter):
always defer defer+madvise [madvise] never

/proc/sys/kernel/threads-max (system-wide limit on the number of threads):
127770
/proc/sys/vm/max_map_count (maximum number of memory map areas a process may have):
65530
/proc/sys/kernel/pid_max (system-wide limit on number of process identifiers):
131072

container (cgroup) information:
container_type: cgroupv1
cpu_cpuset_cpus: 0-1
cpu_memory_nodes: 0
active_processor_count: 2
cpu_quota: -1
cpu_period: 100000
cpu_shares: -1
memory_limit_in_bytes: -1
memory_and_swap_limit_in_bytes: -2
memory_soft_limit_in_bytes: -1
memory_usage_in_bytes: 8593211392
memory_max_usage_in_bytes: 12138598400

VMWare virtualization detected
Steal ticks since vm start: 0
Steal ticks percentage since vm start:  0.000

CPU:total 2 (initial active 2) (1 cores per cpu, 1 threads per core) family 6 model 45 stepping 2, cmov, cx8, fxsr, mmx, sse, sse2, sse3, ssse3, sse4.1, sse4.2, popcnt, avx, aes, clmul, tsc, tscinvbit, tscinv
CPU Model and flags from /proc/cpuinfo:
model name	: Intel(R) Xeon(R) CPU E5-2620 v3 @ 2.40GHz
flags		: fpu vme de pse tsc msr pae mce cx8 apic sep mtrr pge mca cmov pat pse36 clflush mmx fxsr sse sse2 ss syscall nx rdtscp lm constant_tsc arch_perfmon nopl xtopology tsc_reliable nonstop_tsc cpuid pni pclmulqdq ssse3 cx16 pcid sse4_1 sse4_2 x2apic popcnt tsc_deadline_timer aes xsave avx hypervisor lahf_lm pti ssbd ibrs ibpb stibp tsc_adjust arat flush_l1d arch_capabilities
Online cpus:
0-1
Offline cpus:
2-127
BIOS frequency limitation:
<Not Available>
Frequency switch latency (ns):
<Not Available>
Available cpu frequencies:
<Not Available>
Current governor:
<Not Available>
Core performance/turbo boost:
<Not Available>

Memory: 4k page, physical 16402112k(170328k free), swap 0k(0k free)

vm_info: OpenJDK 64-Bit Server VM (11.0.9.1+1-Ubuntu-0ubuntu1.18.04) for linux-amd64 JRE (11.0.9.1+1-Ubuntu-0ubuntu1.18.04), built on Nov 10 2020 04:18:42 by "unknown" with gcc 7.5.0

END.
